[ 2016-04-05T23:19:31+08:00 ] 127.0.0.1 /tp/home/index
INFO: [ app_init ] --START--
INFO: Run Behavior\BuildLiteBehavior [ RunTime:0.000000s ]
INFO: [ app_init ] --END-- [ RunTime:0.011001s ]
INFO: [ app_begin ] --START--
INFO: Run Behavior\ReadHtmlCacheBehavior [ RunTime:0.017001s ]
INFO: [ app_begin ] --END-- [ RunTime:0.018001s ]
SQL: SHOW COLUMNS FROM `user` [ RunTime:0.0410s ]
SQL: SELECT * FROM `user` WHERE ( is_ban=0 and is_public=1 ) ORDER BY vote_number desc LIMIT 0,10   [ RunTime:0.0020s ]
NOTIC: [8] Undefined offset: 6 D:\wamp\www\tp\Application\Home\Controller\IndexController.class.php 第 14 行.
NOTIC: [8] Undefined offset: 7 D:\wamp\www\tp\Application\Home\Controller\IndexController.class.php 第 15 行.
NOTIC: [8] Undefined offset: 8 D:\wamp\www\tp\Application\Home\Controller\IndexController.class.php 第 16 行.
NOTIC: [8] Undefined offset: 9 D:\wamp\www\tp\Application\Home\Controller\IndexController.class.php 第 17 行.
INFO: [ view_parse ] --START--
INFO: [ template_filter ] --START--
INFO: Run Behavior\ContentReplaceBehavior [ RunTime:0.013000s ]
INFO: [ template_filter ] --END-- [ RunTime:0.013000s ]
NOTIC: [8] Undefined variable: no5 D:\wamp\www\tp\Application\Runtime\Cache\Home\b9d8569fb4b13f0298ae898c51b036b1.php 第 105 行.
NOTIC: [8] Undefined variable: no5 D:\wamp\www\tp\Application\Runtime\Cache\Home\b9d8569fb4b13f0298ae898c51b036b1.php 第 107 行.
NOTIC: [8] Undefined variable: no5 D:\wamp\www\tp\Application\Runtime\Cache\Home\b9d8569fb4b13f0298ae898c51b036b1.php 第 108 行.
INFO: Run Behavior\ParseTemplateBehavior [ RunTime:0.124007s ]
INFO: [ view_parse ] --END-- [ RunTime:0.124007s ]
INFO: [ view_filter ] --START--
INFO: Run Behavior\WriteHtmlCacheBehavior [ RunTime:0.013001s ]
INFO: [ view_filter ] --END-- [ RunTime:0.013001s ]
INFO: [ app_end ] --START--
INFO: Run Behavior\ShowPageTraceBehavior [ RunTime:0.006000s ]
INFO: [ app_end ] --END-- [ RunTime:0.006000s ]

[ 2016-04-05T23:19:45+08:00 ] 127.0.0.1 /tp/home/index/upload
INFO: [ app_init ] --START--
INFO: Run Behavior\BuildLiteBehavior [ RunTime:0.000000s ]
INFO: [ app_init ] --END-- [ RunTime:0.001000s ]
INFO: [ app_begin ] --START--
INFO: Run Behavior\ReadHtmlCacheBehavior [ RunTime:0.000000s ]
INFO: [ app_begin ] --END-- [ RunTime:0.001001s ]
NOTIC: [8] Undefined index: pic D:\wamp\www\tp\Application\Home\Common\function.php 第 78 行.
NOTIC: [8] Undefined index: pic D:\wamp\www\tp\Application\Home\Common\function.php 第 79 行.
NOTIC: [8] Undefined index: pic D:\wamp\www\tp\Application\Home\Common\function.php 第 80 行.
NOTIC: [8] Undefined index: pic D:\wamp\www\tp\Application\Home\Common\function.php 第 81 行.
NOTIC: [8] Undefined index: pic D:\wamp\www\tp\Application\Home\Common\function.php 第 82 行.

[ 2016-04-05T23:36:43+08:00 ] 127.0.0.1 /tp/Home/index/upload
INFO: [ app_init ] --START--
INFO: Run Behavior\BuildLiteBehavior [ RunTime:0.000000s ]
INFO: [ app_init ] --END-- [ RunTime:0.000000s ]
INFO: [ app_begin ] --START--
INFO: Run Behavior\ReadHtmlCacheBehavior [ RunTime:0.000000s ]
INFO: [ app_begin ] --END-- [ RunTime:0.000000s ]
NOTIC: [8] Undefined index: pic D:\wamp\www\tp\Application\Home\Common\function.php 第 78 行.
NOTIC: [8] Undefined index: pic D:\wamp\www\tp\Application\Home\Common\function.php 第 79 行.
NOTIC: [8] Undefined index: pic D:\wamp\www\tp\Application\Home\Common\function.php 第 80 行.
NOTIC: [8] Undefined index: pic D:\wamp\www\tp\Application\Home\Common\function.php 第 81 行.
NOTIC: [8] Undefined index: pic D:\wamp\www\tp\Application\Home\Common\function.php 第 82 行.

[ 2016-04-05T23:37:31+08:00 ] 127.0.0.1 /tp/Home/index/upload
INFO: [ app_init ] --START--
INFO: Run Behavior\BuildLiteBehavior [ RunTime:0.000000s ]
INFO: [ app_init ] --END-- [ RunTime:0.000000s ]
INFO: [ app_begin ] --START--
INFO: Run Behavior\ReadHtmlCacheBehavior [ RunTime:0.001000s ]
INFO: [ app_begin ] --END-- [ RunTime:0.001000s ]
NOTIC: [8] Undefined index: pic D:\wamp\www\tp\Application\Home\Common\function.php 第 78 行.
NOTIC: [8] Undefined index: pic D:\wamp\www\tp\Application\Home\Common\function.php 第 79 行.
NOTIC: [8] Undefined index: pic D:\wamp\www\tp\Application\Home\Common\function.php 第 80 行.
NOTIC: [8] Undefined index: pic D:\wamp\www\tp\Application\Home\Common\function.php 第 81 行.
NOTIC: [8] Undefined index: pic D:\wamp\www\tp\Application\Home\Common\function.php 第 82 行.

[ 2016-04-05T23:38:03+08:00 ] 127.0.0.1 /tp/Home/index/upload
INFO: [ app_init ] --START--
INFO: Run Behavior\BuildLiteBehavior [ RunTime:0.001000s ]
INFO: [ app_init ] --END-- [ RunTime:0.001000s ]
INFO: [ app_begin ] --START--
INFO: Run Behavior\ReadHtmlCacheBehavior [ RunTime:0.000000s ]
INFO: [ app_begin ] --END-- [ RunTime:0.001000s ]
NOTIC: [8] Undefined index: pic D:\wamp\www\tp\Application\Home\Common\function.php 第 78 行.
NOTIC: [8] Undefined index: pic D:\wamp\www\tp\Application\Home\Common\function.php 第 79 行.
NOTIC: [8] Undefined index: pic D:\wamp\www\tp\Application\Home\Common\function.php 第 80 行.
NOTIC: [8] Undefined index: pic D:\wamp\www\tp\Application\Home\Common\function.php 第 81 行.
NOTIC: [8] Undefined index: pic D:\wamp\www\tp\Application\Home\Common\function.php 第 82 行.

[ 2016-04-05T23:38:10+08:00 ] 127.0.0.1 /tp/Home/index/upload
INFO: [ app_init ] --START--
INFO: Run Behavior\BuildLiteBehavior [ RunTime:0.000000s ]
INFO: [ app_init ] --END-- [ RunTime:0.000000s ]
INFO: [ app_begin ] --START--
INFO: Run Behavior\ReadHtmlCacheBehavior [ RunTime:0.000000s ]
INFO: [ app_begin ] --END-- [ RunTime:0.001000s ]
NOTIC: [8] Undefined index: pic D:\wamp\www\tp\Application\Home\Common\function.php 第 78 行.
NOTIC: [8] Undefined index: pic D:\wamp\www\tp\Application\Home\Common\function.php 第 79 行.
NOTIC: [8] Undefined index: pic D:\wamp\www\tp\Application\Home\Common\function.php 第 80 行.
NOTIC: [8] Undefined index: pic D:\wamp\www\tp\Application\Home\Common\function.php 第 81 行.
NOTIC: [8] Undefined index: pic D:\wamp\www\tp\Application\Home\Common\function.php 第 82 行.

[ 2016-04-05T23:39:00+08:00 ] 127.0.0.1 /tp/Home/index/upload
INFO: [ app_init ] --START--
INFO: Run Behavior\BuildLiteBehavior [ RunTime:0.000000s ]
INFO: [ app_init ] --END-- [ RunTime:0.000000s ]
INFO: [ app_begin ] --START--
INFO: Run Behavior\ReadHtmlCacheBehavior [ RunTime:0.000000s ]
INFO: [ app_begin ] --END-- [ RunTime:0.000000s ]
NOTIC: [8] Undefined index: pic D:\wamp\www\tp\Application\Home\Common\function.php 第 78 行.
NOTIC: [8] Undefined index: pic D:\wamp\www\tp\Application\Home\Common\function.php 第 79 行.
NOTIC: [8] Undefined index: pic D:\wamp\www\tp\Application\Home\Common\function.php 第 80 行.
NOTIC: [8] Undefined index: pic D:\wamp\www\tp\Application\Home\Common\function.php 第 81 行.
NOTIC: [8] Undefined index: pic D:\wamp\www\tp\Application\Home\Common\function.php 第 82 行.

[ 2016-04-05T23:39:18+08:00 ] 127.0.0.1 /tp/Home/index/upload
INFO: [ app_init ] --START--
INFO: Run Behavior\BuildLiteBehavior [ RunTime:0.000000s ]
INFO: [ app_init ] --END-- [ RunTime:0.000000s ]
INFO: [ app_begin ] --START--
INFO: Run Behavior\ReadHtmlCacheBehavior [ RunTime:0.001000s ]
INFO: [ app_begin ] --END-- [ RunTime:0.001000s ]
NOTIC: [8] Undefined index: pic D:\wamp\www\tp\Application\Home\Common\function.php 第 78 行.
NOTIC: [8] Undefined index: pic D:\wamp\www\tp\Application\Home\Common\function.php 第 79 行.
NOTIC: [8] Undefined index: pic D:\wamp\www\tp\Application\Home\Common\function.php 第 80 行.
NOTIC: [8] Undefined index: pic D:\wamp\www\tp\Application\Home\Common\function.php 第 81 行.
NOTIC: [8] Undefined index: pic D:\wamp\www\tp\Application\Home\Common\function.php 第 82 行.

[ 2016-04-05T23:39:51+08:00 ] 127.0.0.1 /tp/Home/index/upload
INFO: [ app_init ] --START--
INFO: Run Behavior\BuildLiteBehavior [ RunTime:0.000000s ]
INFO: [ app_init ] --END-- [ RunTime:0.001000s ]
INFO: [ app_begin ] --START--
INFO: Run Behavior\ReadHtmlCacheBehavior [ RunTime:0.000000s ]
INFO: [ app_begin ] --END-- [ RunTime:0.000000s ]
NOTIC: [8] Undefined index: pic D:\wamp\www\tp\Application\Home\Common\function.php 第 78 行.
NOTIC: [8] Undefined index: pic D:\wamp\www\tp\Application\Home\Common\function.php 第 79 行.
NOTIC: [8] Undefined index: pic D:\wamp\www\tp\Application\Home\Common\function.php 第 80 行.
NOTIC: [8] Undefined index: pic D:\wamp\www\tp\Application\Home\Common\function.php 第 81 行.
NOTIC: [8] Undefined index: pic D:\wamp\www\tp\Application\Home\Common\function.php 第 82 行.

[ 2016-04-05T23:40:14+08:00 ] 127.0.0.1 /tp/Home/index/upload
INFO: [ app_init ] --START--
INFO: Run Behavior\BuildLiteBehavior [ RunTime:0.000000s ]
INFO: [ app_init ] --END-- [ RunTime:0.001000s ]
INFO: [ app_begin ] --START--
INFO: Run Behavior\ReadHtmlCacheBehavior [ RunTime:0.001000s ]
INFO: [ app_begin ] --END-- [ RunTime:0.001000s ]
NOTIC: [8] Undefined index: pic D:\wamp\www\tp\Application\Home\Common\function.php 第 78 行.
NOTIC: [8] Undefined index: pic D:\wamp\www\tp\Application\Home\Common\function.php 第 79 行.
NOTIC: [8] Undefined index: pic D:\wamp\www\tp\Application\Home\Common\function.php 第 80 行.
NOTIC: [8] Undefined index: pic D:\wamp\www\tp\Application\Home\Common\function.php 第 81 行.
NOTIC: [8] Undefined index: pic D:\wamp\www\tp\Application\Home\Common\function.php 第 82 行.

[ 2016-04-05T23:41:01+08:00 ] 127.0.0.1 /tp/Home/index/upload
INFO: [ app_init ] --START--
INFO: Run Behavior\BuildLiteBehavior [ RunTime:0.000000s ]
INFO: [ app_init ] --END-- [ RunTime:0.001000s ]
INFO: [ app_begin ] --START--
INFO: Run Behavior\ReadHtmlCacheBehavior [ RunTime:0.000000s ]
INFO: [ app_begin ] --END-- [ RunTime:0.001000s ]
NOTIC: [8] Undefined index: pic D:\wamp\www\tp\Application\Home\Common\function.php 第 78 行.
NOTIC: [8] Undefined index: pic D:\wamp\www\tp\Application\Home\Common\function.php 第 79 行.
NOTIC: [8] Undefined index: pic D:\wamp\www\tp\Application\Home\Common\function.php 第 80 行.
NOTIC: [8] Undefined index: pic D:\wamp\www\tp\Application\Home\Common\function.php 第 81 行.
NOTIC: [8] Undefined index: pic D:\wamp\www\tp\Application\Home\Common\function.php 第 82 行.
INFO: [ app_end ] --START--
INFO: Run Behavior\ShowPageTraceBehavior [ RunTime:0.001000s ]
INFO: [ app_end ] --END-- [ RunTime:0.001000s ]

[ 2016-04-05T23:41:04+08:00 ] 127.0.0.1 /tp/Home/index/upload
INFO: [ app_init ] --START--
INFO: Run Behavior\BuildLiteBehavior [ RunTime:0.000000s ]
INFO: [ app_init ] --END-- [ RunTime:0.000000s ]
INFO: [ app_begin ] --START--
INFO: Run Behavior\ReadHtmlCacheBehavior [ RunTime:0.001000s ]
INFO: [ app_begin ] --END-- [ RunTime:0.001000s ]
NOTIC: [8] Undefined index: pic D:\wamp\www\tp\Application\Home\Common\function.php 第 78 行.
NOTIC: [8] Undefined index: pic D:\wamp\www\tp\Application\Home\Common\function.php 第 79 行.
NOTIC: [8] Undefined index: pic D:\wamp\www\tp\Application\Home\Common\function.php 第 80 行.
NOTIC: [8] Undefined index: pic D:\wamp\www\tp\Application\Home\Common\function.php 第 81 行.
NOTIC: [8] Undefined index: pic D:\wamp\www\tp\Application\Home\Common\function.php 第 82 行.
INFO: [ app_end ] --START--
INFO: Run Behavior\ShowPageTraceBehavior [ RunTime:0.000000s ]
INFO: [ app_end ] --END-- [ RunTime:0.000000s ]

[ 2016-04-05T23:41:13+08:00 ] 127.0.0.1 /tp/Home/index/upload
INFO: [ app_init ] --START--
INFO: Run Behavior\BuildLiteBehavior [ RunTime:0.000000s ]
INFO: [ app_init ] --END-- [ RunTime:0.001000s ]
INFO: [ app_begin ] --START--
INFO: Run Behavior\ReadHtmlCacheBehavior [ RunTime:0.000000s ]
INFO: [ app_begin ] --END-- [ RunTime:0.000000s ]
NOTIC: [8] Undefined index: pic D:\wamp\www\tp\Application\Home\Common\function.php 第 78 行.
NOTIC: [8] Undefined index: pic D:\wamp\www\tp\Application\Home\Common\function.php 第 79 行.
NOTIC: [8] Undefined index: pic D:\wamp\www\tp\Application\Home\Common\function.php 第 80 行.
NOTIC: [8] Undefined index: pic D:\wamp\www\tp\Application\Home\Common\function.php 第 81 行.
NOTIC: [8] Undefined index: pic D:\wamp\www\tp\Application\Home\Common\function.php 第 82 行.
INFO: [ app_end ] --START--
INFO: Run Behavior\ShowPageTraceBehavior [ RunTime:0.001000s ]
INFO: [ app_end ] --END-- [ RunTime:0.001000s ]

[ 2016-04-05T23:42:03+08:00 ] 127.0.0.1 /tp/Home/index/upload
INFO: [ app_init ] --START--
INFO: Run Behavior\BuildLiteBehavior [ RunTime:0.000000s ]
INFO: [ app_init ] --END-- [ RunTime:0.000000s ]
INFO: [ app_begin ] --START--
INFO: Run Behavior\ReadHtmlCacheBehavior [ RunTime:0.001000s ]
INFO: [ app_begin ] --END-- [ RunTime:0.001000s ]
NOTIC: [8] Undefined index: pic D:\wamp\www\tp\Application\Home\Common\function.php 第 78 行.
NOTIC: [8] Undefined index: pic D:\wamp\www\tp\Application\Home\Common\function.php 第 79 行.
NOTIC: [8] Undefined index: name D:\wamp\www\tp\Application\Home\Common\function.php 第 80 行.
NOTIC: [8] Undefined index: pic D:\wamp\www\tp\Application\Home\Common\function.php 第 81 行.
NOTIC: [8] Undefined index: pic D:\wamp\www\tp\Application\Home\Common\function.php 第 82 行.
INFO: [ app_end ] --START--
INFO: Run Behavior\ShowPageTraceBehavior [ RunTime:0.000000s ]
INFO: [ app_end ] --END-- [ RunTime:0.000000s ]

[ 2016-04-05T23:42:18+08:00 ] 127.0.0.1 /tp/Home/index/upload
INFO: [ app_init ] --START--
INFO: Run Behavior\BuildLiteBehavior [ RunTime:0.000000s ]
INFO: [ app_init ] --END-- [ RunTime:0.000000s ]
INFO: [ app_begin ] --START--
INFO: Run Behavior\ReadHtmlCacheBehavior [ RunTime:0.001000s ]
INFO: [ app_begin ] --END-- [ RunTime:0.001000s ]
NOTIC: [8] Undefined index: pic D:\wamp\www\tp\Application\Home\Common\function.php 第 78 行.
NOTIC: [8] Undefined index: pic D:\wamp\www\tp\Application\Home\Common\function.php 第 79 行.
NOTIC: [8] Undefined index: name D:\wamp\www\tp\Application\Home\Common\function.php 第 80 行.
NOTIC: [8] Undefined index: pic D:\wamp\www\tp\Application\Home\Common\function.php 第 81 行.
NOTIC: [8] Undefined index: pic D:\wamp\www\tp\Application\Home\Common\function.php 第 82 行.

[ 2016-04-05T23:56:47+08:00 ] 127.0.0.1 /tp/Home/index/upload
INFO: [ app_init ] --START--
INFO: Run Behavior\BuildLiteBehavior [ RunTime:0.000000s ]
INFO: [ app_init ] --END-- [ RunTime:0.000000s ]
INFO: [ app_begin ] --START--
INFO: Run Behavior\ReadHtmlCacheBehavior [ RunTime:0.001000s ]
INFO: [ app_begin ] --END-- [ RunTime:0.001000s ]
NOTIC: [2] move_uploaded_file(/tp/home/tp/upload.bit1459871807.jpg): failed to open stream: No such file or directory D:\wamp\www\tp\Application\Home\Common\function.php 第 95 行.
NOTIC: [2] move_uploaded_file(): Unable to move 'D:\wamp\tmp\php1589.tmp' to '/tp/home/tp/upload.bit1459871807.jpg' D:\wamp\www\tp\Application\Home\Common\function.php 第 95 行.

[ 2016-04-05T23:56:49+08:00 ] 127.0.0.1 /tp/Home/index/index.php?page=submit
INFO: [ app_init ] --START--
INFO: Run Behavior\BuildLiteBehavior [ RunTime:0.000000s ]
INFO: [ app_init ] --END-- [ RunTime:0.000000s ]
INFO: [ app_begin ] --START--
INFO: Run Behavior\ReadHtmlCacheBehavior [ RunTime:0.001000s ]
INFO: [ app_begin ] --END-- [ RunTime:0.001000s ]
ERR: 非法操作:index.php

[ 2016-04-05T23:57:01+08:00 ] 127.0.0.1 /tp/Home/index/upload
INFO: [ app_init ] --START--
INFO: Run Behavior\BuildLiteBehavior [ RunTime:0.000000s ]
INFO: [ app_init ] --END-- [ RunTime:0.001000s ]
INFO: [ app_begin ] --START--
INFO: Run Behavior\ReadHtmlCacheBehavior [ RunTime:0.000000s ]
INFO: [ app_begin ] --END-- [ RunTime:0.000000s ]
NOTIC: [2] move_uploaded_file(/tp/home/tp/upload.bit1459871821.jpg): failed to open stream: No such file or directory D:\wamp\www\tp\Application\Home\Common\function.php 第 95 行.
NOTIC: [2] move_uploaded_file(): Unable to move 'D:\wamp\tmp\php4EC2.tmp' to '/tp/home/tp/upload.bit1459871821.jpg' D:\wamp\www\tp\Application\Home\Common\function.php 第 95 行.

[ 2016-04-05T23:57:04+08:00 ] 127.0.0.1 /tp/Home/index/index.php?page=submit
INFO: [ app_init ] --START--
INFO: Run Behavior\BuildLiteBehavior [ RunTime:0.000000s ]
INFO: [ app_init ] --END-- [ RunTime:0.001000s ]
INFO: [ app_begin ] --START--
INFO: Run Behavior\ReadHtmlCacheBehavior [ RunTime:0.000000s ]
INFO: [ app_begin ] --END-- [ RunTime:0.000000s ]
ERR: 非法操作:index.php

[ 2016-04-05T23:57:55+08:00 ] 127.0.0.1 /tp/Home/index/upload
INFO: [ app_init ] --START--
INFO: Run Behavior\BuildLiteBehavior [ RunTime:0.000000s ]
INFO: [ app_init ] --END-- [ RunTime:0.000000s ]
INFO: [ app_begin ] --START--
INFO: Run Behavior\ReadHtmlCacheBehavior [ RunTime:0.001000s ]
INFO: [ app_begin ] --END-- [ RunTime:0.001000s ]
NOTIC: [2] move_uploaded_file(/tp/home/tp/upload.bit1459871875.jpg): failed to open stream: No such file or directory D:\wamp\www\tp\Application\Home\Common\function.php 第 96 行.
NOTIC: [2] move_uploaded_file(): Unable to move 'D:\wamp\tmp\php2083.tmp' to '/tp/home/tp/upload.bit1459871875.jpg' D:\wamp\www\tp\Application\Home\Common\function.php 第 96 行.

[ 2016-04-05T23:58:29+08:00 ] 127.0.0.1 /tp/Home/index/upload
INFO: [ app_init ] --START--
INFO: Run Behavior\BuildLiteBehavior [ RunTime:0.000000s ]
INFO: [ app_init ] --END-- [ RunTime:0.000000s ]
INFO: [ app_begin ] --START--
INFO: Run Behavior\ReadHtmlCacheBehavior [ RunTime:0.001000s ]
INFO: [ app_begin ] --END-- [ RunTime:0.001000s ]
NOTIC: [2] move_uploaded_file(tp/upload1459871909.jpg): failed to open stream: No such file or directory D:\wamp\www\tp\Application\Home\Common\function.php 第 96 行.
NOTIC: [2] move_uploaded_file(): Unable to move 'D:\wamp\tmp\phpA34A.tmp' to 'tp/upload1459871909.jpg' D:\wamp\www\tp\Application\Home\Common\function.php 第 96 行.

[ 2016-04-05T23:58:42+08:00 ] 127.0.0.1 /tp/Home/index/upload
INFO: [ app_init ] --START--
INFO: Run Behavior\BuildLiteBehavior [ RunTime:0.000000s ]
INFO: [ app_init ] --END-- [ RunTime:0.001000s ]
INFO: [ app_begin ] --START--
INFO: Run Behavior\ReadHtmlCacheBehavior [ RunTime:0.000000s ]
INFO: [ app_begin ] --END-- [ RunTime:0.000000s ]
NOTIC: [2] move_uploaded_file(tp/upload/1459871922.jpg): failed to open stream: No such file or directory D:\wamp\www\tp\Application\Home\Common\function.php 第 96 行.
NOTIC: [2] move_uploaded_file(): Unable to move 'D:\wamp\tmp\phpD6F7.tmp' to 'tp/upload/1459871922.jpg' D:\wamp\www\tp\Application\Home\Common\function.php 第 96 行.

[ 2016-04-05T23:59:09+08:00 ] 127.0.0.1 /tp/Home/index/upload
INFO: [ app_init ] --START--
INFO: Run Behavior\BuildLiteBehavior [ RunTime:0.000000s ]
INFO: [ app_init ] --END-- [ RunTime:0.001000s ]
INFO: [ app_begin ] --START--
INFO: Run Behavior\ReadHtmlCacheBehavior [ RunTime:0.001000s ]
INFO: [ app_begin ] --END-- [ RunTime:0.001000s ]
INFO: [ app_end ] --START--
INFO: Run Behavior\ShowPageTraceBehavior [ RunTime:0.001000s ]
INFO: [ app_end ] --END-- [ RunTime:0.001000s ]

