[ 2016-04-06T14:06:58+08:00 ] 127.0.0.1 /tp/home/index/upload
INFO: [ app_init ] --START--
INFO: Run Behavior\BuildLiteBehavior [ RunTime:0.001000s ]
INFO: [ app_init ] --END-- [ RunTime:0.001000s ]
INFO: [ app_begin ] --START--
INFO: Run Behavior\ReadHtmlCacheBehavior [ RunTime:0.001000s ]
INFO: [ app_begin ] --END-- [ RunTime:0.001000s ]

[ 2016-04-06T14:06:58+08:00 ] 127.0.0.1 /tp/home/user/login.bit
INFO: [ app_init ] --START--
INFO: Run Behavior\BuildLiteBehavior [ RunTime:0.000000s ]
INFO: [ app_init ] --END-- [ RunTime:0.000000s ]
INFO: [ app_begin ] --START--
INFO: Run Behavior\ReadHtmlCacheBehavior [ RunTime:0.001000s ]
INFO: [ app_begin ] --END-- [ RunTime:0.001000s ]
INFO: [ view_parse ] --START--
INFO: [ template_filter ] --START--
INFO: Run Behavior\ContentReplaceBehavior [ RunTime:0.000000s ]
INFO: [ template_filter ] --END-- [ RunTime:0.000000s ]
INFO: Run Behavior\ParseTemplateBehavior [ RunTime:0.012001s ]
INFO: [ view_parse ] --END-- [ RunTime:0.012001s ]
INFO: [ view_filter ] --START--
INFO: Run Behavior\WriteHtmlCacheBehavior [ RunTime:0.000000s ]
INFO: [ view_filter ] --END-- [ RunTime:0.000000s ]
INFO: [ app_end ] --START--
INFO: Run Behavior\ShowPageTraceBehavior [ RunTime:0.000000s ]
INFO: [ app_end ] --END-- [ RunTime:0.001000s ]

[ 2016-04-06T14:06:59+08:00 ] 127.0.0.1 /tp/home/favicon.ico
INFO: [ app_init ] --START--
INFO: Run Behavior\BuildLiteBehavior [ RunTime:0.000000s ]
INFO: [ app_init ] --END-- [ RunTime:0.000000s ]

[ 2016-04-06T14:07:08+08:00 ] 127.0.0.1 /tp/home/admin/
INFO: [ app_init ] --START--
INFO: Run Behavior\BuildLiteBehavior [ RunTime:0.000000s ]
INFO: [ app_init ] --END-- [ RunTime:0.000000s ]
INFO: [ app_begin ] --START--
INFO: Run Behavior\ReadHtmlCacheBehavior [ RunTime:0.000000s ]
INFO: [ app_begin ] --END-- [ RunTime:0.000000s ]
NOTIC: [8] Undefined index: admin D:\wamp\www\tp\Application\Home\Common\function.php 第 36 行.

[ 2016-04-06T14:07:08+08:00 ] 127.0.0.1 /tp/home/admin/login.bit
INFO: [ app_init ] --START--
INFO: Run Behavior\BuildLiteBehavior [ RunTime:0.000000s ]
INFO: [ app_init ] --END-- [ RunTime:0.001000s ]
INFO: [ app_begin ] --START--
INFO: Run Behavior\ReadHtmlCacheBehavior [ RunTime:0.001000s ]
INFO: [ app_begin ] --END-- [ RunTime:0.001000s ]
INFO: [ view_parse ] --START--
INFO: [ template_filter ] --START--
INFO: Run Behavior\ContentReplaceBehavior [ RunTime:0.000000s ]
INFO: [ template_filter ] --END-- [ RunTime:0.000000s ]
INFO: Run Behavior\ParseTemplateBehavior [ RunTime:0.035002s ]
INFO: [ view_parse ] --END-- [ RunTime:0.035002s ]
INFO: [ view_filter ] --START--
INFO: Run Behavior\WriteHtmlCacheBehavior [ RunTime:0.000000s ]
INFO: [ view_filter ] --END-- [ RunTime:0.000000s ]
INFO: [ app_end ] --START--
INFO: Run Behavior\ShowPageTraceBehavior [ RunTime:0.001000s ]
INFO: [ app_end ] --END-- [ RunTime:0.001000s ]

[ 2016-04-06T14:07:17+08:00 ] 127.0.0.1 /tp/home/admin/login
INFO: [ app_init ] --START--
INFO: Run Behavior\BuildLiteBehavior [ RunTime:0.000000s ]
INFO: [ app_init ] --END-- [ RunTime:0.000000s ]
INFO: [ app_begin ] --START--
INFO: Run Behavior\ReadHtmlCacheBehavior [ RunTime:0.000000s ]
INFO: [ app_begin ] --END-- [ RunTime:0.000000s ]
NOTIC: [8] A session had already been started - ignoring session_start() D:\wamp\www\tp\Application\Home\Controller\AdminController.class.php 第 63 行.
INFO: [ view_parse ] --START--
INFO: [ template_filter ] --START--
INFO: Run Behavior\ContentReplaceBehavior [ RunTime:0.000000s ]
INFO: [ template_filter ] --END-- [ RunTime:0.000000s ]
INFO: Run Behavior\ParseTemplateBehavior [ RunTime:0.095605s ]
INFO: [ view_parse ] --END-- [ RunTime:0.095605s ]
INFO: [ view_filter ] --START--
INFO: Run Behavior\WriteHtmlCacheBehavior [ RunTime:0.000000s ]
INFO: [ view_filter ] --END-- [ RunTime:0.000000s ]
SQL: SHOW COLUMNS FROM `admin` [ RunTime:0.1070s ]
SQL: INSERT INTO `admin` (`admin_login_ip`) VALUES ('127.0.0.1') [ RunTime:0.1350s ]
INFO: [ app_end ] --START--
INFO: Run Behavior\ShowPageTraceBehavior [ RunTime:0.001001s ]
INFO: [ app_end ] --END-- [ RunTime:0.001001s ]

[ 2016-04-06T14:07:18+08:00 ] 127.0.0.1 /tp/home/admin/index.bit
INFO: [ app_init ] --START--
INFO: Run Behavior\BuildLiteBehavior [ RunTime:0.000000s ]
INFO: [ app_init ] --END-- [ RunTime:0.000000s ]
INFO: [ app_begin ] --START--
INFO: Run Behavior\ReadHtmlCacheBehavior [ RunTime:0.000000s ]
INFO: [ app_begin ] --END-- [ RunTime:0.000000s ]
SQL: SHOW COLUMNS FROM `public` [ RunTime:0.0670s ]
SQL: SELECT * FROM `public` LIMIT 1   [ RunTime:0.0230s ]
SQL: SHOW COLUMNS FROM `message` [ RunTime:0.0240s ]
SQL: SELECT * FROM `message` WHERE ( is_biaobaiqiang=0 ) ORDER BY send_time desc LIMIT 0,10   [ RunTime:0.0100s ]
SQL: SELECT * FROM `message` WHERE ( is_biaobaiqiang=1 ) ORDER BY send_time desc LIMIT 0,10   [ RunTime:0.0010s ]
SQL: SHOW COLUMNS FROM `donate` [ RunTime:0.0540s ]
SQL: SELECT count(*) FROM `donate` LIMIT 1   [ RunTime:0.0290s ]
INFO: [ view_parse ] --START--
INFO: [ template_filter ] --START--
INFO: Run Behavior\ContentReplaceBehavior [ RunTime:0.000000s ]
INFO: [ template_filter ] --END-- [ RunTime:0.000000s ]
INFO: Run Behavior\ParseTemplateBehavior [ RunTime:0.028002s ]
INFO: [ view_parse ] --END-- [ RunTime:0.028002s ]
INFO: [ view_filter ] --START--
INFO: Run Behavior\WriteHtmlCacheBehavior [ RunTime:0.000000s ]
INFO: [ view_filter ] --END-- [ RunTime:0.001000s ]
INFO: [ app_end ] --START--
INFO: Run Behavior\ShowPageTraceBehavior [ RunTime:0.000000s ]
INFO: [ app_end ] --END-- [ RunTime:0.000000s ]

[ 2016-04-06T14:07:28+08:00 ] 127.0.0.1 /tp/home/user/upload
INFO: [ app_init ] --START--
INFO: Run Behavior\BuildLiteBehavior [ RunTime:0.000000s ]
INFO: [ app_init ] --END-- [ RunTime:0.000000s ]
INFO: [ app_begin ] --START--
INFO: Run Behavior\ReadHtmlCacheBehavior [ RunTime:0.000000s ]
INFO: [ app_begin ] --END-- [ RunTime:0.000000s ]
ERR: 非法操作:upload

[ 2016-04-06T14:07:34+08:00 ] 127.0.0.1 /tp/home/index/upload
INFO: [ app_init ] --START--
INFO: Run Behavior\BuildLiteBehavior [ RunTime:0.000000s ]
INFO: [ app_init ] --END-- [ RunTime:0.000000s ]
INFO: [ app_begin ] --START--
INFO: Run Behavior\ReadHtmlCacheBehavior [ RunTime:0.000000s ]
INFO: [ app_begin ] --END-- [ RunTime:0.000000s ]
SQL: SHOW COLUMNS FROM `user` [ RunTime:0.0020s ]
SQL: SELECT `is_ban` FROM `user` WHERE `uid` = 1 LIMIT 1   [ RunTime:0.0000s ]
NOTIC: [8] Undefined index: pic D:\wamp\www\tp\Application\Home\Common\function.php 第 78 行.
NOTIC: [8] Undefined index: pic D:\wamp\www\tp\Application\Home\Common\function.php 第 79 行.
NOTIC: [8] Undefined index: pic D:\wamp\www\tp\Application\Home\Common\function.php 第 80 行.
NOTIC: [8] Undefined index: pic D:\wamp\www\tp\Application\Home\Common\function.php 第 81 行.
NOTIC: [8] Undefined index: pic D:\wamp\www\tp\Application\Home\Common\function.php 第 82 行.

[ 2016-04-06T14:07:36+08:00 ] 127.0.0.1 /tp/home/user/upload
INFO: [ app_init ] --START--
INFO: Run Behavior\BuildLiteBehavior [ RunTime:0.000000s ]
INFO: [ app_init ] --END-- [ RunTime:0.000000s ]
INFO: [ app_begin ] --START--
INFO: Run Behavior\ReadHtmlCacheBehavior [ RunTime:0.001000s ]
INFO: [ app_begin ] --END-- [ RunTime:0.001000s ]
ERR: 非法操作:upload

[ 2016-04-06T14:08:11+08:00 ] 127.0.0.1 /tp/Home/index/upload
INFO: [ app_init ] --START--
INFO: Run Behavior\BuildLiteBehavior [ RunTime:0.000000s ]
INFO: [ app_init ] --END-- [ RunTime:0.000000s ]
INFO: [ app_begin ] --START--
INFO: Run Behavior\ReadHtmlCacheBehavior [ RunTime:0.000000s ]
INFO: [ app_begin ] --END-- [ RunTime:0.000000s ]
SQL: SHOW COLUMNS FROM `user` [ RunTime:0.0020s ]
SQL: SELECT `is_ban` FROM `user` WHERE `uid` = 1 LIMIT 1   [ RunTime:0.0000s ]
NOTIC: [8] Undefined variable: time D:\wamp\www\tp\Application\Home\Common\function.php 第 100 行.
INFO: [ app_end ] --START--
INFO: Run Behavior\ShowPageTraceBehavior [ RunTime:0.000000s ]
INFO: [ app_end ] --END-- [ RunTime:0.001000s ]

[ 2016-04-06T14:37:14+08:00 ] 127.0.0.1 /tp/Home/user/
INFO: [ app_init ] --START--
INFO: Run Behavior\BuildLiteBehavior [ RunTime:0.000000s ]
INFO: [ app_init ] --END-- [ RunTime:0.001000s ]
INFO: [ app_begin ] --START--
INFO: Run Behavior\ReadHtmlCacheBehavior [ RunTime:0.001000s ]
INFO: [ app_begin ] --END-- [ RunTime:0.001000s ]
SQL: SHOW COLUMNS FROM `user` [ RunTime:0.0020s ]
SQL: SELECT `is_ban` FROM `user` WHERE `uid` = 1 LIMIT 1   [ RunTime:0.0010s ]
SQL: SELECT `is_public` FROM `user` WHERE `uid` = 1 LIMIT 1   [ RunTime:0.0000s ]
SQL: SELECT * FROM `user` WHERE `uid` = 1 LIMIT 1   [ RunTime:0.0000s ]
SQL: SHOW COLUMNS FROM `message` [ RunTime:0.0010s ]
SQL: SELECT * FROM `message` WHERE ( to_uid=1 or to_uid=2 )  [ RunTime:0.0000s ]
ERR: 模板不存在:./html/User/index.html

[ 2016-04-06T14:37:26+08:00 ] 127.0.0.1 /tp/Home/user/login
INFO: [ app_init ] --START--
INFO: Run Behavior\BuildLiteBehavior [ RunTime:0.000000s ]
INFO: [ app_init ] --END-- [ RunTime:0.000000s ]
INFO: [ app_begin ] --START--
INFO: Run Behavior\ReadHtmlCacheBehavior [ RunTime:0.001000s ]
INFO: [ app_begin ] --END-- [ RunTime:0.001000s ]
INFO: [ view_parse ] --START--
INFO: [ template_filter ] --START--
INFO: Run Behavior\ContentReplaceBehavior [ RunTime:0.000000s ]
INFO: [ template_filter ] --END-- [ RunTime:0.000000s ]
INFO: Run Behavior\ParseTemplateBehavior [ RunTime:0.006001s ]
INFO: [ view_parse ] --END-- [ RunTime:0.006001s ]
INFO: [ view_filter ] --START--
INFO: Run Behavior\WriteHtmlCacheBehavior [ RunTime:0.001000s ]
INFO: [ view_filter ] --END-- [ RunTime:0.001000s ]
INFO: [ app_end ] --START--
INFO: Run Behavior\ShowPageTraceBehavior [ RunTime:0.001000s ]
INFO: [ app_end ] --END-- [ RunTime:0.001000s ]

[ 2016-04-06T14:37:26+08:00 ] 127.0.0.1 /tp/Home/favicon.ico
INFO: [ app_init ] --START--
INFO: Run Behavior\BuildLiteBehavior [ RunTime:0.000000s ]
INFO: [ app_init ] --END-- [ RunTime:0.000000s ]

[ 2016-04-06T14:38:51+08:00 ] 127.0.0.1 /tp/Home/user/login
INFO: [ app_init ] --START--
INFO: Run Behavior\BuildLiteBehavior [ RunTime:0.000000s ]
INFO: [ app_init ] --END-- [ RunTime:0.001000s ]
INFO: [ app_begin ] --START--
INFO: Run Behavior\ReadHtmlCacheBehavior [ RunTime:0.000000s ]
INFO: [ app_begin ] --END-- [ RunTime:0.001000s ]
SQL: SHOW COLUMNS FROM `user` [ RunTime:0.0020s ]
SQL: SELECT `password` FROM `user` WHERE `uid` = 1120111420 LIMIT 1   [ RunTime:0.0000s ]
NOTIC: [2] Missing argument 5 for require_https_url(), called in D:\wamp\www\tp\Application\Home\Common\function.php on line 249 and defined D:\wamp\www\tp\Application\Home\Common\function.php 第 202 行.
NOTIC: [8] Undefined variable: cookie D:\wamp\www\tp\Application\Home\Common\function.php 第 226 行.
NOTIC: [2] Missing argument 5 for require_https_url(), called in D:\wamp\www\tp\Application\Home\Common\function.php on line 263 and defined D:\wamp\www\tp\Application\Home\Common\function.php 第 202 行.
NOTIC: [8] Undefined variable: cookie D:\wamp\www\tp\Application\Home\Common\function.php 第 226 行.
NOTIC: [8] Undefined offset: 5 D:\wamp\www\tp\Application\Home\Common\function.php 第 266 行.
NOTIC: [8] Undefined offset: 5 D:\wamp\www\tp\Application\Home\Common\function.php 第 269 行.
NOTIC: [2] Missing argument 5 for require_https_url(), called in D:\wamp\www\tp\Application\Home\Common\function.php on line 271 and defined D:\wamp\www\tp\Application\Home\Common\function.php 第 202 行.
NOTIC: [8] Undefined variable: cookie D:\wamp\www\tp\Application\Home\Common\function.php 第 226 行.

[ 2016-04-06T14:40:22+08:00 ] 127.0.0.1 /tp/Home/user/login
INFO: [ app_init ] --START--
INFO: Run Behavior\BuildLiteBehavior [ RunTime:0.000000s ]
INFO: [ app_init ] --END-- [ RunTime:0.001000s ]
INFO: [ app_begin ] --START--
INFO: Run Behavior\ReadHtmlCacheBehavior [ RunTime:0.000000s ]
INFO: [ app_begin ] --END-- [ RunTime:0.001000s ]
INFO: [ view_parse ] --START--
INFO: [ template_filter ] --START--
INFO: Run Behavior\ContentReplaceBehavior [ RunTime:0.000000s ]
INFO: [ template_filter ] --END-- [ RunTime:0.001000s ]
INFO: Run Behavior\ParseTemplateBehavior [ RunTime:0.005000s ]
INFO: [ view_parse ] --END-- [ RunTime:0.005000s ]
INFO: [ view_filter ] --START--
INFO: Run Behavior\WriteHtmlCacheBehavior [ RunTime:0.001000s ]
INFO: [ view_filter ] --END-- [ RunTime:0.001000s ]
INFO: [ app_end ] --START--
INFO: Run Behavior\ShowPageTraceBehavior [ RunTime:0.001000s ]
INFO: [ app_end ] --END-- [ RunTime:0.001000s ]

[ 2016-04-06T14:40:37+08:00 ] 127.0.0.1 /tp/Home/user/login
INFO: [ app_init ] --START--
INFO: Run Behavior\BuildLiteBehavior [ RunTime:0.000000s ]
INFO: [ app_init ] --END-- [ RunTime:0.000000s ]
INFO: [ app_begin ] --START--
INFO: Run Behavior\ReadHtmlCacheBehavior [ RunTime:0.001000s ]
INFO: [ app_begin ] --END-- [ RunTime:0.001000s ]
SQL: SHOW COLUMNS FROM `user` [ RunTime:0.0010s ]
SQL: SELECT `password` FROM `user` WHERE `uid` = 1120111420 LIMIT 1   [ RunTime:0.0000s ]
NOTIC: [2] Missing argument 5 for require_https_url(), called in D:\wamp\www\tp\Application\Home\Common\function.php on line 249 and defined D:\wamp\www\tp\Application\Home\Common\function.php 第 202 行.
NOTIC: [8] Undefined variable: cookie D:\wamp\www\tp\Application\Home\Common\function.php 第 226 行.
NOTIC: [2] Missing argument 5 for require_https_url(), called in D:\wamp\www\tp\Application\Home\Common\function.php on line 263 and defined D:\wamp\www\tp\Application\Home\Common\function.php 第 202 行.
NOTIC: [8] Undefined variable: cookie D:\wamp\www\tp\Application\Home\Common\function.php 第 226 行.
NOTIC: [8] Undefined offset: 5 D:\wamp\www\tp\Application\Home\Common\function.php 第 266 行.
NOTIC: [8] Undefined offset: 5 D:\wamp\www\tp\Application\Home\Common\function.php 第 269 行.
NOTIC: [2] Missing argument 5 for require_https_url(), called in D:\wamp\www\tp\Application\Home\Common\function.php on line 271 and defined D:\wamp\www\tp\Application\Home\Common\function.php 第 202 行.
NOTIC: [8] Undefined variable: cookie D:\wamp\www\tp\Application\Home\Common\function.php 第 226 行.

[ 2016-04-06T14:40:54+08:00 ] 127.0.0.1 /tp/Home/user/login
INFO: [ app_init ] --START--
INFO: Run Behavior\BuildLiteBehavior [ RunTime:0.000000s ]
INFO: [ app_init ] --END-- [ RunTime:0.000000s ]
INFO: [ app_begin ] --START--
INFO: Run Behavior\ReadHtmlCacheBehavior [ RunTime:0.000000s ]
INFO: [ app_begin ] --END-- [ RunTime:0.000000s ]
INFO: [ view_parse ] --START--
INFO: [ template_filter ] --START--
INFO: Run Behavior\ContentReplaceBehavior [ RunTime:0.000000s ]
INFO: [ template_filter ] --END-- [ RunTime:0.000000s ]
INFO: Run Behavior\ParseTemplateBehavior [ RunTime:0.006001s ]
INFO: [ view_parse ] --END-- [ RunTime:0.006001s ]
INFO: [ view_filter ] --START--
INFO: Run Behavior\WriteHtmlCacheBehavior [ RunTime:0.000000s ]
INFO: [ view_filter ] --END-- [ RunTime:0.000000s ]
INFO: [ app_end ] --START--
INFO: Run Behavior\ShowPageTraceBehavior [ RunTime:0.000000s ]
INFO: [ app_end ] --END-- [ RunTime:0.000000s ]

[ 2016-04-06T14:41:05+08:00 ] 127.0.0.1 /tp/Home/user/login
INFO: [ app_init ] --START--
INFO: Run Behavior\BuildLiteBehavior [ RunTime:0.000000s ]
INFO: [ app_init ] --END-- [ RunTime:0.000000s ]
INFO: [ app_begin ] --START--
INFO: Run Behavior\ReadHtmlCacheBehavior [ RunTime:0.000000s ]
INFO: [ app_begin ] --END-- [ RunTime:0.000000s ]
SQL: SHOW COLUMNS FROM `user` [ RunTime:0.0020s ]
SQL: SELECT `password` FROM `user` WHERE `uid` = 1120111420 LIMIT 1   [ RunTime:0.0010s ]
NOTIC: [2] Missing argument 5 for require_https_url(), called in D:\wamp\www\tp\Application\Home\Common\function.php on line 249 and defined D:\wamp\www\tp\Application\Home\Common\function.php 第 202 行.
NOTIC: [8] Undefined variable: cookie D:\wamp\www\tp\Application\Home\Common\function.php 第 226 行.
NOTIC: [2] Missing argument 5 for require_https_url(), called in D:\wamp\www\tp\Application\Home\Common\function.php on line 263 and defined D:\wamp\www\tp\Application\Home\Common\function.php 第 202 行.
NOTIC: [8] Undefined variable: cookie D:\wamp\www\tp\Application\Home\Common\function.php 第 226 行.
NOTIC: [8] Undefined offset: 5 D:\wamp\www\tp\Application\Home\Common\function.php 第 266 行.
NOTIC: [8] Undefined offset: 5 D:\wamp\www\tp\Application\Home\Common\function.php 第 269 行.
NOTIC: [2] Missing argument 5 for require_https_url(), called in D:\wamp\www\tp\Application\Home\Common\function.php on line 271 and defined D:\wamp\www\tp\Application\Home\Common\function.php 第 202 行.
NOTIC: [8] Undefined variable: cookie D:\wamp\www\tp\Application\Home\Common\function.php 第 226 行.

[ 2016-04-06T14:43:22+08:00 ] 127.0.0.1 /tp/Home/user/login
INFO: [ app_init ] --START--
INFO: Run Behavior\BuildLiteBehavior [ RunTime:0.000000s ]
INFO: [ app_init ] --END-- [ RunTime:0.001000s ]
INFO: [ app_begin ] --START--
INFO: Run Behavior\ReadHtmlCacheBehavior [ RunTime:0.001000s ]
INFO: [ app_begin ] --END-- [ RunTime:0.001000s ]
INFO: [ view_parse ] --START--
INFO: [ template_filter ] --START--
INFO: Run Behavior\ContentReplaceBehavior [ RunTime:0.000000s ]
INFO: [ template_filter ] --END-- [ RunTime:0.000000s ]
INFO: Run Behavior\ParseTemplateBehavior [ RunTime:0.006001s ]
INFO: [ view_parse ] --END-- [ RunTime:0.006001s ]
INFO: [ view_filter ] --START--
INFO: Run Behavior\WriteHtmlCacheBehavior [ RunTime:0.001000s ]
INFO: [ view_filter ] --END-- [ RunTime:0.001000s ]
INFO: [ app_end ] --START--
INFO: Run Behavior\ShowPageTraceBehavior [ RunTime:0.001000s ]
INFO: [ app_end ] --END-- [ RunTime:0.001000s ]

[ 2016-04-06T14:43:27+08:00 ] 127.0.0.1 /tp/Home/user/login
INFO: [ app_init ] --START--
INFO: Run Behavior\BuildLiteBehavior [ RunTime:0.000000s ]
INFO: [ app_init ] --END-- [ RunTime:0.001000s ]
INFO: [ app_begin ] --START--
INFO: Run Behavior\ReadHtmlCacheBehavior [ RunTime:0.000000s ]
INFO: [ app_begin ] --END-- [ RunTime:0.001000s ]
SQL: SHOW COLUMNS FROM `user` [ RunTime:0.0020s ]
SQL: SELECT `password` FROM `user` WHERE `uid` = 1120111420 LIMIT 1   [ RunTime:0.0010s ]
NOTIC: [2] Missing argument 5 for require_https_url(), called in D:\wamp\www\tp\Application\Home\Common\function.php on line 249 and defined D:\wamp\www\tp\Application\Home\Common\function.php 第 202 行.
NOTIC: [8] Undefined variable: cookie D:\wamp\www\tp\Application\Home\Common\function.php 第 226 行.
NOTIC: [2] Missing argument 5 for require_https_url(), called in D:\wamp\www\tp\Application\Home\Common\function.php on line 263 and defined D:\wamp\www\tp\Application\Home\Common\function.php 第 202 行.
NOTIC: [8] Undefined variable: cookie D:\wamp\www\tp\Application\Home\Common\function.php 第 226 行.
NOTIC: [8] Undefined offset: 5 D:\wamp\www\tp\Application\Home\Common\function.php 第 266 行.
NOTIC: [8] Undefined offset: 5 D:\wamp\www\tp\Application\Home\Common\function.php 第 269 行.
NOTIC: [2] Missing argument 5 for require_https_url(), called in D:\wamp\www\tp\Application\Home\Common\function.php on line 272 and defined D:\wamp\www\tp\Application\Home\Common\function.php 第 202 行.
NOTIC: [8] Undefined variable: cookie D:\wamp\www\tp\Application\Home\Common\function.php 第 226 行.

[ 2016-04-06T14:44:14+08:00 ] 127.0.0.1 /tp/Home/user/login
INFO: [ app_init ] --START--
INFO: Run Behavior\BuildLiteBehavior [ RunTime:0.000000s ]
INFO: [ app_init ] --END-- [ RunTime:0.000000s ]
INFO: [ app_begin ] --START--
INFO: Run Behavior\ReadHtmlCacheBehavior [ RunTime:0.001000s ]
INFO: [ app_begin ] --END-- [ RunTime:0.001000s ]
SQL: SHOW COLUMNS FROM `user` [ RunTime:0.0020s ]
SQL: SELECT `password` FROM `user` WHERE `uid` = 1120111420 LIMIT 1   [ RunTime:0.0000s ]
NOTIC: [2] Missing argument 5 for require_https_url(), called in D:\wamp\www\tp\Application\Home\Common\function.php on line 249 and defined D:\wamp\www\tp\Application\Home\Common\function.php 第 202 行.
NOTIC: [8] Undefined variable: cookie D:\wamp\www\tp\Application\Home\Common\function.php 第 226 行.
NOTIC: [2] Missing argument 5 for require_https_url(), called in D:\wamp\www\tp\Application\Home\Common\function.php on line 263 and defined D:\wamp\www\tp\Application\Home\Common\function.php 第 202 行.
NOTIC: [8] Undefined variable: cookie D:\wamp\www\tp\Application\Home\Common\function.php 第 226 行.
NOTIC: [8] Undefined offset: 5 D:\wamp\www\tp\Application\Home\Common\function.php 第 266 行.
NOTIC: [8] Undefined offset: 5 D:\wamp\www\tp\Application\Home\Common\function.php 第 269 行.
NOTIC: [2] Missing argument 5 for require_https_url(), called in D:\wamp\www\tp\Application\Home\Common\function.php on line 272 and defined D:\wamp\www\tp\Application\Home\Common\function.php 第 202 行.
NOTIC: [8] Undefined variable: cookie D:\wamp\www\tp\Application\Home\Common\function.php 第 226 行.

[ 2016-04-06T14:44:31+08:00 ] 127.0.0.1 /tp/Home/user/login
INFO: [ app_init ] --START--
INFO: Run Behavior\BuildLiteBehavior [ RunTime:0.001000s ]
INFO: [ app_init ] --END-- [ RunTime:0.001000s ]
INFO: [ app_begin ] --START--
INFO: Run Behavior\ReadHtmlCacheBehavior [ RunTime:0.001000s ]
INFO: [ app_begin ] --END-- [ RunTime:0.001000s ]
SQL: SHOW COLUMNS FROM `user` [ RunTime:0.0020s ]
SQL: SELECT `password` FROM `user` WHERE `uid` = 1120111420 LIMIT 1   [ RunTime:0.0010s ]
NOTIC: [2] Missing argument 5 for require_https_url(), called in D:\wamp\www\tp\Application\Home\Common\function.php on line 249 and defined D:\wamp\www\tp\Application\Home\Common\function.php 第 202 行.
NOTIC: [8] Undefined variable: cookie D:\wamp\www\tp\Application\Home\Common\function.php 第 226 行.
NOTIC: [2] Missing argument 5 for require_https_url(), called in D:\wamp\www\tp\Application\Home\Common\function.php on line 263 and defined D:\wamp\www\tp\Application\Home\Common\function.php 第 202 行.
NOTIC: [8] Undefined variable: cookie D:\wamp\www\tp\Application\Home\Common\function.php 第 226 行.
NOTIC: [8] Undefined offset: 5 D:\wamp\www\tp\Application\Home\Common\function.php 第 266 行.
NOTIC: [8] Undefined offset: 5 D:\wamp\www\tp\Application\Home\Common\function.php 第 269 行.
NOTIC: [2] Missing argument 5 for require_https_url(), called in D:\wamp\www\tp\Application\Home\Common\function.php on line 272 and defined D:\wamp\www\tp\Application\Home\Common\function.php 第 202 行.
NOTIC: [8] Undefined variable: cookie D:\wamp\www\tp\Application\Home\Common\function.php 第 226 行.
NOTIC: [2] Missing argument 5 for require_https_url(), called in D:\wamp\www\tp\Application\Home\Common\function.php on line 277 and defined D:\wamp\www\tp\Application\Home\Common\function.php 第 202 行.
NOTIC: [8] Undefined variable: cookie D:\wamp\www\tp\Application\Home\Common\function.php 第 226 行.

[ 2016-04-06T14:45:48+08:00 ] 127.0.0.1 /tp/Home/user/login
INFO: [ app_init ] --START--
INFO: Run Behavior\BuildLiteBehavior [ RunTime:0.000000s ]
INFO: [ app_init ] --END-- [ RunTime:0.000000s ]
INFO: [ app_begin ] --START--
INFO: Run Behavior\ReadHtmlCacheBehavior [ RunTime:0.000000s ]
INFO: [ app_begin ] --END-- [ RunTime:0.001000s ]
INFO: [ view_parse ] --START--
INFO: [ template_filter ] --START--
INFO: Run Behavior\ContentReplaceBehavior [ RunTime:0.000000s ]
INFO: [ template_filter ] --END-- [ RunTime:0.000000s ]
INFO: Run Behavior\ParseTemplateBehavior [ RunTime:0.006000s ]
INFO: [ view_parse ] --END-- [ RunTime:0.006000s ]
INFO: [ view_filter ] --START--
INFO: Run Behavior\WriteHtmlCacheBehavior [ RunTime:0.000000s ]
INFO: [ view_filter ] --END-- [ RunTime:0.000000s ]
INFO: [ app_end ] --START--
INFO: Run Behavior\ShowPageTraceBehavior [ RunTime:0.000000s ]
INFO: [ app_end ] --END-- [ RunTime:0.000000s ]

[ 2016-04-06T14:45:57+08:00 ] 127.0.0.1 /tp/Home/user/login
INFO: [ app_init ] --START--
INFO: Run Behavior\BuildLiteBehavior [ RunTime:0.000000s ]
INFO: [ app_init ] --END-- [ RunTime:0.000000s ]
INFO: [ app_begin ] --START--
INFO: Run Behavior\ReadHtmlCacheBehavior [ RunTime:0.001000s ]
INFO: [ app_begin ] --END-- [ RunTime:0.001000s ]
SQL: SHOW COLUMNS FROM `user` [ RunTime:0.0020s ]
SQL: SELECT `password` FROM `user` WHERE `uid` = 1120111205 LIMIT 1   [ RunTime:0.0010s ]
NOTIC: [2] Missing argument 5 for require_https_url(), called in D:\wamp\www\tp\Application\Home\Common\function.php on line 249 and defined D:\wamp\www\tp\Application\Home\Common\function.php 第 202 行.
NOTIC: [8] Undefined variable: cookie D:\wamp\www\tp\Application\Home\Common\function.php 第 226 行.
NOTIC: [2] Missing argument 5 for require_https_url(), called in D:\wamp\www\tp\Application\Home\Common\function.php on line 263 and defined D:\wamp\www\tp\Application\Home\Common\function.php 第 202 行.
NOTIC: [8] Undefined variable: cookie D:\wamp\www\tp\Application\Home\Common\function.php 第 226 行.
NOTIC: [8] Undefined offset: 5 D:\wamp\www\tp\Application\Home\Common\function.php 第 266 行.
NOTIC: [8] Undefined offset: 5 D:\wamp\www\tp\Application\Home\Common\function.php 第 269 行.
NOTIC: [2] Missing argument 5 for require_https_url(), called in D:\wamp\www\tp\Application\Home\Common\function.php on line 272 and defined D:\wamp\www\tp\Application\Home\Common\function.php 第 202 行.
NOTIC: [8] Undefined variable: cookie D:\wamp\www\tp\Application\Home\Common\function.php 第 226 行.

[ 2016-04-06T21:24:12+08:00 ] 127.0.0.1 /tp/home/user/login
INFO: [ app_init ] --START--
INFO: Run Behavior\BuildLiteBehavior [ RunTime:0.001000s ]
INFO: [ app_init ] --END-- [ RunTime:0.001000s ]
INFO: [ app_begin ] --START--
INFO: Run Behavior\ReadHtmlCacheBehavior [ RunTime:0.001000s ]
INFO: [ app_begin ] --END-- [ RunTime:0.001000s ]
INFO: [ view_parse ] --START--
INFO: [ template_filter ] --START--
INFO: Run Behavior\ContentReplaceBehavior [ RunTime:0.000000s ]
INFO: [ template_filter ] --END-- [ RunTime:0.000000s ]
INFO: Run Behavior\ParseTemplateBehavior [ RunTime:0.005001s ]
INFO: [ view_parse ] --END-- [ RunTime:0.006001s ]
INFO: [ view_filter ] --START--
INFO: Run Behavior\WriteHtmlCacheBehavior [ RunTime:0.001000s ]
INFO: [ view_filter ] --END-- [ RunTime:0.001000s ]
INFO: [ app_end ] --START--
INFO: Run Behavior\ShowPageTraceBehavior [ RunTime:0.001000s ]
INFO: [ app_end ] --END-- [ RunTime:0.001000s ]

[ 2016-04-06T21:24:25+08:00 ] 127.0.0.1 /tp/home/user/login
INFO: [ app_init ] --START--
INFO: Run Behavior\BuildLiteBehavior [ RunTime:0.000000s ]
INFO: [ app_init ] --END-- [ RunTime:0.001000s ]
INFO: [ app_begin ] --START--
INFO: Run Behavior\ReadHtmlCacheBehavior [ RunTime:0.001000s ]
INFO: [ app_begin ] --END-- [ RunTime:0.001000s ]
SQL: SHOW COLUMNS FROM `user` [ RunTime:0.0010s ]
SQL: SELECT `password` FROM `user` WHERE `uid` = 1120131205 LIMIT 1   [ RunTime:0.0010s ]
SQL: SELECT `is_public` FROM `user` WHERE `uid` = 1120131205 LIMIT 1   [ RunTime:0.0000s ]
SQL: SELECT * FROM `user` WHERE `uid` = 1120131205 LIMIT 1   [ RunTime:0.0000s ]
NOTIC: [8] A session had already been started - ignoring session_start() D:\wamp\www\tp\Application\Home\Controller\UserController.class.php 第 90 行.
SQL: SHOW COLUMNS FROM `iptable` [ RunTime:0.0010s ]
SQL: SELECT * FROM `iptable` WHERE ( up_ip<=127001 and down_ip>=127001 ) LIMIT 1   [ RunTime:0.0000s ]
INFO: [ view_parse ] --START--
INFO: [ template_filter ] --START--
INFO: Run Behavior\ContentReplaceBehavior [ RunTime:0.000000s ]
INFO: [ template_filter ] --END-- [ RunTime:0.000000s ]
INFO: Run Behavior\ParseTemplateBehavior [ RunTime:0.006000s ]
INFO: [ view_parse ] --END-- [ RunTime:0.007000s ]
INFO: [ view_filter ] --START--
INFO: Run Behavior\WriteHtmlCacheBehavior [ RunTime:0.000000s ]
INFO: [ view_filter ] --END-- [ RunTime:0.000000s ]
INFO: [ app_end ] --START--
INFO: Run Behavior\ShowPageTraceBehavior [ RunTime:0.001000s ]
INFO: [ app_end ] --END-- [ RunTime:0.001000s ]

[ 2016-04-06T21:24:27+08:00 ] 127.0.0.1 /tp/home/user/index.bit
INFO: [ app_init ] --START--
INFO: Run Behavior\BuildLiteBehavior [ RunTime:0.000000s ]
INFO: [ app_init ] --END-- [ RunTime:0.001000s ]
INFO: [ app_begin ] --START--
INFO: Run Behavior\ReadHtmlCacheBehavior [ RunTime:0.000000s ]
INFO: [ app_begin ] --END-- [ RunTime:0.000000s ]
SQL: SHOW COLUMNS FROM `user` [ RunTime:0.0020s ]
SQL: SELECT `is_ban` FROM `user` WHERE `uid` = 1120131205 LIMIT 1   [ RunTime:0.0010s ]
SQL: SELECT `is_public` FROM `user` WHERE `uid` = 1120131205 LIMIT 1   [ RunTime:0.0010s ]
SQL: SELECT * FROM `user` WHERE `uid` = 1120131205 LIMIT 1   [ RunTime:0.0000s ]
SQL: SHOW COLUMNS FROM `message` [ RunTime:0.0020s ]
SQL: SELECT * FROM `message` WHERE ( to_uid=1120131205 or to_uid=2 )  [ RunTime:0.0000s ]
ERR: 模板不存在:./html/User/index.html

[ 2016-04-06T21:24:30+08:00 ] 127.0.0.1 /tp/home/user/index.bit
INFO: [ app_init ] --START--
INFO: Run Behavior\BuildLiteBehavior [ RunTime:0.000000s ]
INFO: [ app_init ] --END-- [ RunTime:0.001000s ]
INFO: [ app_begin ] --START--
INFO: Run Behavior\ReadHtmlCacheBehavior [ RunTime:0.000000s ]
INFO: [ app_begin ] --END-- [ RunTime:0.001000s ]
SQL: SHOW COLUMNS FROM `user` [ RunTime:0.0020s ]
SQL: SELECT `is_ban` FROM `user` WHERE `uid` = 1120131205 LIMIT 1   [ RunTime:0.0000s ]
SQL: SELECT `is_public` FROM `user` WHERE `uid` = 1120131205 LIMIT 1   [ RunTime:0.0000s ]
SQL: SELECT * FROM `user` WHERE `uid` = 1120131205 LIMIT 1   [ RunTime:0.0010s ]
SQL: SHOW COLUMNS FROM `message` [ RunTime:0.0020s ]
SQL: SELECT * FROM `message` WHERE ( to_uid=1120131205 or to_uid=2 )  [ RunTime:0.0010s ]
ERR: 模板不存在:./html/User/index.html

[ 2016-04-06T21:24:31+08:00 ] 127.0.0.1 /tp/home/user/index.bit
INFO: [ app_init ] --START--
INFO: Run Behavior\BuildLiteBehavior [ RunTime:0.000000s ]
INFO: [ app_init ] --END-- [ RunTime:0.000000s ]
INFO: [ app_begin ] --START--
INFO: Run Behavior\ReadHtmlCacheBehavior [ RunTime:0.000000s ]
INFO: [ app_begin ] --END-- [ RunTime:0.000000s ]
SQL: SHOW COLUMNS FROM `user` [ RunTime:0.0020s ]
SQL: SELECT `is_ban` FROM `user` WHERE `uid` = 1120131205 LIMIT 1   [ RunTime:0.0010s ]
SQL: SELECT `is_public` FROM `user` WHERE `uid` = 1120131205 LIMIT 1   [ RunTime:0.0000s ]
SQL: SELECT * FROM `user` WHERE `uid` = 1120131205 LIMIT 1   [ RunTime:0.0000s ]
SQL: SHOW COLUMNS FROM `message` [ RunTime:0.0010s ]
SQL: SELECT * FROM `message` WHERE ( to_uid=1120131205 or to_uid=2 )  [ RunTime:0.0000s ]
ERR: 模板不存在:./html/User/index.html

[ 2016-04-06T21:24:32+08:00 ] 127.0.0.1 /tp/home/user/login
INFO: [ app_init ] --START--
INFO: Run Behavior\BuildLiteBehavior [ RunTime:0.000000s ]
INFO: [ app_init ] --END-- [ RunTime:0.000000s ]
INFO: [ app_begin ] --START--
INFO: Run Behavior\ReadHtmlCacheBehavior [ RunTime:0.001000s ]
INFO: [ app_begin ] --END-- [ RunTime:0.001000s ]
INFO: [ view_parse ] --START--
INFO: [ template_filter ] --START--
INFO: Run Behavior\ContentReplaceBehavior [ RunTime:0.000000s ]
INFO: [ template_filter ] --END-- [ RunTime:0.000000s ]
INFO: Run Behavior\ParseTemplateBehavior [ RunTime:0.005000s ]
INFO: [ view_parse ] --END-- [ RunTime:0.006000s ]
INFO: [ view_filter ] --START--
INFO: Run Behavior\WriteHtmlCacheBehavior [ RunTime:0.001000s ]
INFO: [ view_filter ] --END-- [ RunTime:0.001000s ]
INFO: [ app_end ] --START--
INFO: Run Behavior\ShowPageTraceBehavior [ RunTime:0.000000s ]
INFO: [ app_end ] --END-- [ RunTime:0.001000s ]

[ 2016-04-06T21:25:42+08:00 ] 127.0.0.1 /tp/home/user/login
INFO: [ app_init ] --START--
INFO: Run Behavior\BuildLiteBehavior [ RunTime:0.000000s ]
INFO: [ app_init ] --END-- [ RunTime:0.000000s ]
INFO: [ app_begin ] --START--
INFO: Run Behavior\ReadHtmlCacheBehavior [ RunTime:0.001000s ]
INFO: [ app_begin ] --END-- [ RunTime:0.001000s ]
SQL: SHOW COLUMNS FROM `user` [ RunTime:0.0020s ]
SQL: SELECT `password` FROM `user` WHERE `uid` = 1120133802 LIMIT 1   [ RunTime:0.0000s ]
NOTIC: [2] Missing argument 5 for require_https_url(), called in D:\wamp\www\tp\Application\Home\Common\function.php on line 249 and defined D:\wamp\www\tp\Application\Home\Common\function.php 第 202 行.
NOTIC: [8] Undefined variable: cookie D:\wamp\www\tp\Application\Home\Common\function.php 第 226 行.
NOTIC: [2] Missing argument 5 for require_https_url(), called in D:\wamp\www\tp\Application\Home\Common\function.php on line 263 and defined D:\wamp\www\tp\Application\Home\Common\function.php 第 202 行.
NOTIC: [8] Undefined variable: cookie D:\wamp\www\tp\Application\Home\Common\function.php 第 226 行.
NOTIC: [2] Missing argument 5 for require_https_url(), called in D:\wamp\www\tp\Application\Home\Common\function.php on line 271 and defined D:\wamp\www\tp\Application\Home\Common\function.php 第 202 行.
NOTIC: [8] Undefined variable: cookie D:\wamp\www\tp\Application\Home\Common\function.php 第 226 行.
NOTIC: [2] Missing argument 5 for require_https_url(), called in D:\wamp\www\tp\Application\Home\Common\function.php on line 276 and defined D:\wamp\www\tp\Application\Home\Common\function.php 第 202 行.
NOTIC: [8] Undefined variable: cookie D:\wamp\www\tp\Application\Home\Common\function.php 第 226 行.
SQL: INSERT INTO `user` (`uid`,`username`,`major_class`,`img_url`,`password`) VALUES ('1120133802','王鹏','徐特立学院','http://api.info.bit.edu.cn/pub/registeredPerson/v1/showPhoto?uuid=3c691197-575b-4d3e-b9a2-fff314eee3c1','21f58f0ac4e47b818ce64114b2c987eb') [ RunTime:0.0670s ]
SQL: SELECT `is_public` FROM `user` WHERE `uid` = 1120133802 LIMIT 1   [ RunTime:0.0000s ]
SQL: SELECT * FROM `user` WHERE `uid` = 1120133802 LIMIT 1   [ RunTime:0.0000s ]
NOTIC: [8] A session had already been started - ignoring session_start() D:\wamp\www\tp\Application\Home\Controller\UserController.class.php 第 90 行.
SQL: SHOW COLUMNS FROM `iptable` [ RunTime:0.0020s ]
SQL: SELECT * FROM `iptable` WHERE ( up_ip<=127001 and down_ip>=127001 ) LIMIT 1   [ RunTime:0.0010s ]
INFO: [ view_parse ] --START--
INFO: [ template_filter ] --START--
INFO: Run Behavior\ContentReplaceBehavior [ RunTime:0.044002s ]
INFO: [ template_filter ] --END-- [ RunTime:0.045002s ]
INFO: Run Behavior\ParseTemplateBehavior [ RunTime:0.051003s ]
INFO: [ view_parse ] --END-- [ RunTime:0.052003s ]
INFO: [ view_filter ] --START--
INFO: Run Behavior\WriteHtmlCacheBehavior [ RunTime:0.001000s ]
INFO: [ view_filter ] --END-- [ RunTime:0.001000s ]
INFO: [ app_end ] --START--
INFO: Run Behavior\ShowPageTraceBehavior [ RunTime:0.001000s ]
INFO: [ app_end ] --END-- [ RunTime:0.001000s ]

[ 2016-04-06T21:25:43+08:00 ] 127.0.0.1 /tp/home/user/index.bit
INFO: [ app_init ] --START--
INFO: Run Behavior\BuildLiteBehavior [ RunTime:0.000000s ]
INFO: [ app_init ] --END-- [ RunTime:0.001000s ]
INFO: [ app_begin ] --START--
INFO: Run Behavior\ReadHtmlCacheBehavior [ RunTime:0.000000s ]
INFO: [ app_begin ] --END-- [ RunTime:0.000000s ]
SQL: SHOW COLUMNS FROM `user` [ RunTime:0.0020s ]
SQL: SELECT `is_ban` FROM `user` WHERE `uid` = 1120133802 LIMIT 1   [ RunTime:0.0000s ]
SQL: SELECT `is_public` FROM `user` WHERE `uid` = 1120133802 LIMIT 1   [ RunTime:0.0000s ]
SQL: SELECT * FROM `user` WHERE `uid` = 1120133802 LIMIT 1   [ RunTime:0.0000s ]
SQL: SHOW COLUMNS FROM `message` [ RunTime:0.0020s ]
SQL: SELECT * FROM `message` WHERE ( to_uid=1120133802 or to_uid=2 )  [ RunTime:0.0000s ]
ERR: 模板不存在:./html/User/index.html

[ 2016-04-06T21:26:19+08:00 ] 127.0.0.1 /tp/home/user/login
INFO: [ app_init ] --START--
INFO: Run Behavior\BuildLiteBehavior [ RunTime:0.000000s ]
INFO: [ app_init ] --END-- [ RunTime:0.000000s ]
INFO: [ app_begin ] --START--
INFO: Run Behavior\ReadHtmlCacheBehavior [ RunTime:0.000000s ]
INFO: [ app_begin ] --END-- [ RunTime:0.000000s ]
INFO: [ view_parse ] --START--
INFO: [ template_filter ] --START--
INFO: Run Behavior\ContentReplaceBehavior [ RunTime:0.000000s ]
INFO: [ template_filter ] --END-- [ RunTime:0.000000s ]
INFO: Run Behavior\ParseTemplateBehavior [ RunTime:0.006001s ]
INFO: [ view_parse ] --END-- [ RunTime:0.006001s ]
INFO: [ view_filter ] --START--
INFO: Run Behavior\WriteHtmlCacheBehavior [ RunTime:0.000000s ]
INFO: [ view_filter ] --END-- [ RunTime:0.000000s ]
INFO: [ app_end ] --START--
INFO: Run Behavior\ShowPageTraceBehavior [ RunTime:0.000000s ]
INFO: [ app_end ] --END-- [ RunTime:0.000000s ]

[ 2016-04-06T21:26:33+08:00 ] 127.0.0.1 /tp/home/user/login
INFO: [ app_init ] --START--
INFO: Run Behavior\BuildLiteBehavior [ RunTime:0.000000s ]
INFO: [ app_init ] --END-- [ RunTime:0.001000s ]
INFO: [ app_begin ] --START--
INFO: Run Behavior\ReadHtmlCacheBehavior [ RunTime:0.000000s ]
INFO: [ app_begin ] --END-- [ RunTime:0.000000s ]
SQL: SHOW COLUMNS FROM `user` [ RunTime:0.0020s ]
SQL: SELECT `password` FROM `user` WHERE `uid` = 1120131233 LIMIT 1   [ RunTime:0.0000s ]
NOTIC: [2] Missing argument 5 for require_https_url(), called in D:\wamp\www\tp\Application\Home\Common\function.php on line 249 and defined D:\wamp\www\tp\Application\Home\Common\function.php 第 202 行.
NOTIC: [8] Undefined variable: cookie D:\wamp\www\tp\Application\Home\Common\function.php 第 226 行.
NOTIC: [2] Missing argument 5 for require_https_url(), called in D:\wamp\www\tp\Application\Home\Common\function.php on line 263 and defined D:\wamp\www\tp\Application\Home\Common\function.php 第 202 行.
NOTIC: [8] Undefined variable: cookie D:\wamp\www\tp\Application\Home\Common\function.php 第 226 行.
NOTIC: [8] Undefined offset: 5 D:\wamp\www\tp\Application\Home\Common\function.php 第 266 行.
NOTIC: [8] Undefined offset: 5 D:\wamp\www\tp\Application\Home\Common\function.php 第 269 行.
NOTIC: [2] Missing argument 5 for require_https_url(), called in D:\wamp\www\tp\Application\Home\Common\function.php on line 271 and defined D:\wamp\www\tp\Application\Home\Common\function.php 第 202 行.
NOTIC: [8] Undefined variable: cookie D:\wamp\www\tp\Application\Home\Common\function.php 第 226 行.

[ 2016-04-06T21:26:36+08:00 ] 127.0.0.1 /tp/home/user/login
INFO: [ app_init ] --START--
INFO: Run Behavior\BuildLiteBehavior [ RunTime:0.000000s ]
INFO: [ app_init ] --END-- [ RunTime:0.000000s ]
INFO: [ app_begin ] --START--
INFO: Run Behavior\ReadHtmlCacheBehavior [ RunTime:0.000000s ]
INFO: [ app_begin ] --END-- [ RunTime:0.001000s ]
SQL: SHOW COLUMNS FROM `user` [ RunTime:0.0020s ]
SQL: SELECT `password` FROM `user` WHERE `uid` = 1120131233 LIMIT 1   [ RunTime:0.0010s ]
NOTIC: [2] Missing argument 5 for require_https_url(), called in D:\wamp\www\tp\Application\Home\Common\function.php on line 249 and defined D:\wamp\www\tp\Application\Home\Common\function.php 第 202 行.
NOTIC: [8] Undefined variable: cookie D:\wamp\www\tp\Application\Home\Common\function.php 第 226 行.
NOTIC: [2] Missing argument 5 for require_https_url(), called in D:\wamp\www\tp\Application\Home\Common\function.php on line 263 and defined D:\wamp\www\tp\Application\Home\Common\function.php 第 202 行.
NOTIC: [8] Undefined variable: cookie D:\wamp\www\tp\Application\Home\Common\function.php 第 226 行.
NOTIC: [8] Undefined offset: 5 D:\wamp\www\tp\Application\Home\Common\function.php 第 266 行.
NOTIC: [8] Undefined offset: 5 D:\wamp\www\tp\Application\Home\Common\function.php 第 269 行.
NOTIC: [2] Missing argument 5 for require_https_url(), called in D:\wamp\www\tp\Application\Home\Common\function.php on line 271 and defined D:\wamp\www\tp\Application\Home\Common\function.php 第 202 行.
NOTIC: [8] Undefined variable: cookie D:\wamp\www\tp\Application\Home\Common\function.php 第 226 行.

[ 2016-04-06T21:35:21+08:00 ] 127.0.0.1 /tp/home/user/login
INFO: [ app_init ] --START--
INFO: Run Behavior\BuildLiteBehavior [ RunTime:0.000000s ]
INFO: [ app_init ] --END-- [ RunTime:0.001000s ]
INFO: [ app_begin ] --START--
INFO: Run Behavior\ReadHtmlCacheBehavior [ RunTime:0.000000s ]
INFO: [ app_begin ] --END-- [ RunTime:0.000000s ]
INFO: [ view_parse ] --START--
INFO: [ template_filter ] --START--
INFO: Run Behavior\ContentReplaceBehavior [ RunTime:0.000000s ]
INFO: [ template_filter ] --END-- [ RunTime:0.000000s ]
INFO: Run Behavior\ParseTemplateBehavior [ RunTime:0.006001s ]
INFO: [ view_parse ] --END-- [ RunTime:0.006001s ]
INFO: [ view_filter ] --START--
INFO: Run Behavior\WriteHtmlCacheBehavior [ RunTime:0.000000s ]
INFO: [ view_filter ] --END-- [ RunTime:0.000000s ]
INFO: [ app_end ] --START--
INFO: Run Behavior\ShowPageTraceBehavior [ RunTime:0.001000s ]
INFO: [ app_end ] --END-- [ RunTime:0.001000s ]

[ 2016-04-06T21:35:26+08:00 ] 127.0.0.1 /tp/home/user/login
INFO: [ app_init ] --START--
INFO: Run Behavior\BuildLiteBehavior [ RunTime:0.000000s ]
INFO: [ app_init ] --END-- [ RunTime:0.001000s ]
INFO: [ app_begin ] --START--
INFO: Run Behavior\ReadHtmlCacheBehavior [ RunTime:0.000000s ]
INFO: [ app_begin ] --END-- [ RunTime:0.001001s ]
SQL: SHOW COLUMNS FROM `user` [ RunTime:0.3100s ]
SQL: SELECT `password` FROM `user` WHERE `uid` = 1120131233 LIMIT 1   [ RunTime:0.0000s ]
NOTIC: [2] Missing argument 5 for require_https_url(), called in D:\wamp\www\tp\Application\Home\Common\function.php on line 254 and defined D:\wamp\www\tp\Application\Home\Common\function.php 第 202 行.
NOTIC: [8] Undefined variable: cookie D:\wamp\www\tp\Application\Home\Common\function.php 第 227 行.
NOTIC: [2] Missing argument 5 for require_https_url(), called in D:\wamp\www\tp\Application\Home\Common\function.php on line 268 and defined D:\wamp\www\tp\Application\Home\Common\function.php 第 202 行.
NOTIC: [8] Undefined variable: cookie D:\wamp\www\tp\Application\Home\Common\function.php 第 227 行.

[ 2016-04-06T21:36:34+08:00 ] 127.0.0.1 /tp/home/user/login
INFO: [ app_init ] --START--
INFO: Run Behavior\BuildLiteBehavior [ RunTime:0.000000s ]
INFO: [ app_init ] --END-- [ RunTime:0.001000s ]
INFO: [ app_begin ] --START--
INFO: Run Behavior\ReadHtmlCacheBehavior [ RunTime:0.000000s ]
INFO: [ app_begin ] --END-- [ RunTime:0.000000s ]
INFO: [ view_parse ] --START--
INFO: [ template_filter ] --START--
INFO: Run Behavior\ContentReplaceBehavior [ RunTime:0.000000s ]
INFO: [ template_filter ] --END-- [ RunTime:0.001000s ]
INFO: Run Behavior\ParseTemplateBehavior [ RunTime:0.006000s ]
INFO: [ view_parse ] --END-- [ RunTime:0.006000s ]
INFO: [ view_filter ] --START--
INFO: Run Behavior\WriteHtmlCacheBehavior [ RunTime:0.001000s ]
INFO: [ view_filter ] --END-- [ RunTime:0.001000s ]
INFO: [ app_end ] --START--
INFO: Run Behavior\ShowPageTraceBehavior [ RunTime:0.000000s ]
INFO: [ app_end ] --END-- [ RunTime:0.000000s ]

[ 2016-04-06T21:36:38+08:00 ] 127.0.0.1 /tp/home/user/login
INFO: [ app_init ] --START--
INFO: Run Behavior\BuildLiteBehavior [ RunTime:0.000000s ]
INFO: [ app_init ] --END-- [ RunTime:0.000000s ]
INFO: [ app_begin ] --START--
INFO: Run Behavior\ReadHtmlCacheBehavior [ RunTime:0.000000s ]
INFO: [ app_begin ] --END-- [ RunTime:0.000000s ]
SQL: SHOW COLUMNS FROM `user` [ RunTime:0.0020s ]
SQL: SELECT `password` FROM `user` WHERE `uid` = 1120131233 LIMIT 1   [ RunTime:0.0000s ]
NOTIC: [2] Missing argument 5 for require_https_url(), called in D:\wamp\www\tp\Application\Home\Common\function.php on line 254 and defined D:\wamp\www\tp\Application\Home\Common\function.php 第 202 行.
NOTIC: [8] Undefined variable: cookie D:\wamp\www\tp\Application\Home\Common\function.php 第 227 行.
NOTIC: [2] Missing argument 5 for require_https_url(), called in D:\wamp\www\tp\Application\Home\Common\function.php on line 268 and defined D:\wamp\www\tp\Application\Home\Common\function.php 第 202 行.
NOTIC: [8] Undefined variable: cookie D:\wamp\www\tp\Application\Home\Common\function.php 第 227 行.
NOTIC: [8] Undefined offset: 5 D:\wamp\www\tp\Application\Home\Common\function.php 第 271 行.
NOTIC: [8] Undefined offset: 5 D:\wamp\www\tp\Application\Home\Common\function.php 第 274 行.
NOTIC: [2] Missing argument 5 for require_https_url(), called in D:\wamp\www\tp\Application\Home\Common\function.php on line 276 and defined D:\wamp\www\tp\Application\Home\Common\function.php 第 202 行.
NOTIC: [8] Undefined variable: cookie D:\wamp\www\tp\Application\Home\Common\function.php 第 227 行.

[ 2016-04-06T21:37:26+08:00 ] 127.0.0.1 /tp/home/user/login
INFO: [ app_init ] --START--
INFO: Run Behavior\BuildLiteBehavior [ RunTime:0.000000s ]
INFO: [ app_init ] --END-- [ RunTime:0.000000s ]
INFO: [ app_begin ] --START--
INFO: Run Behavior\ReadHtmlCacheBehavior [ RunTime:0.001000s ]
INFO: [ app_begin ] --END-- [ RunTime:0.001000s ]
INFO: [ view_parse ] --START--
INFO: [ template_filter ] --START--
INFO: Run Behavior\ContentReplaceBehavior [ RunTime:0.000000s ]
INFO: [ template_filter ] --END-- [ RunTime:0.000000s ]
INFO: Run Behavior\ParseTemplateBehavior [ RunTime:0.006000s ]
INFO: [ view_parse ] --END-- [ RunTime:0.006000s ]
INFO: [ view_filter ] --START--
INFO: Run Behavior\WriteHtmlCacheBehavior [ RunTime:0.001000s ]
INFO: [ view_filter ] --END-- [ RunTime:0.001000s ]
INFO: [ app_end ] --START--
INFO: Run Behavior\ShowPageTraceBehavior [ RunTime:0.001000s ]
INFO: [ app_end ] --END-- [ RunTime:0.001000s ]

[ 2016-04-06T21:37:31+08:00 ] 127.0.0.1 /tp/home/user/login
INFO: [ app_init ] --START--
INFO: Run Behavior\BuildLiteBehavior [ RunTime:0.000000s ]
INFO: [ app_init ] --END-- [ RunTime:0.000000s ]
INFO: [ app_begin ] --START--
INFO: Run Behavior\ReadHtmlCacheBehavior [ RunTime:0.001000s ]
INFO: [ app_begin ] --END-- [ RunTime:0.001000s ]
SQL: SHOW COLUMNS FROM `user` [ RunTime:0.0020s ]
SQL: SELECT `password` FROM `user` WHERE `uid` = 1120131233 LIMIT 1   [ RunTime:0.0000s ]
NOTIC: [2] Missing argument 5 for require_https_url(), called in D:\wamp\www\tp\Application\Home\Common\function.php on line 251 and defined D:\wamp\www\tp\Application\Home\Common\function.php 第 202 行.
NOTIC: [8] Undefined variable: cookie D:\wamp\www\tp\Application\Home\Common\function.php 第 227 行.
NOTIC: [2] Missing argument 5 for require_https_url(), called in D:\wamp\www\tp\Application\Home\Common\function.php on line 265 and defined D:\wamp\www\tp\Application\Home\Common\function.php 第 202 行.
NOTIC: [8] Undefined variable: cookie D:\wamp\www\tp\Application\Home\Common\function.php 第 227 行.

[ 2016-04-06T21:47:35+08:00 ] 127.0.0.1 /tp/home/user/login
INFO: [ app_init ] --START--
INFO: Run Behavior\BuildLiteBehavior [ RunTime:0.000000s ]
INFO: [ app_init ] --END-- [ RunTime:0.001000s ]

[ 2016-04-06T21:48:08+08:00 ] 127.0.0.1 /tp/home/user/login
INFO: [ app_init ] --START--
INFO: Run Behavior\BuildLiteBehavior [ RunTime:0.000000s ]
INFO: [ app_init ] --END-- [ RunTime:0.000000s ]
INFO: [ app_begin ] --START--
INFO: Run Behavior\ReadHtmlCacheBehavior [ RunTime:0.001001s ]
INFO: [ app_begin ] --END-- [ RunTime:0.001001s ]
INFO: [ view_parse ] --START--
INFO: [ template_filter ] --START--
INFO: Run Behavior\ContentReplaceBehavior [ RunTime:0.000000s ]
INFO: [ template_filter ] --END-- [ RunTime:0.000000s ]
INFO: Run Behavior\ParseTemplateBehavior [ RunTime:0.006000s ]
INFO: [ view_parse ] --END-- [ RunTime:0.006000s ]
INFO: [ view_filter ] --START--
INFO: Run Behavior\WriteHtmlCacheBehavior [ RunTime:0.000000s ]
INFO: [ view_filter ] --END-- [ RunTime:0.000000s ]
INFO: [ app_end ] --START--
INFO: Run Behavior\ShowPageTraceBehavior [ RunTime:0.000000s ]
INFO: [ app_end ] --END-- [ RunTime:0.000000s ]

[ 2016-04-06T21:48:17+08:00 ] 127.0.0.1 /tp/home/user/login
INFO: [ app_init ] --START--
INFO: Run Behavior\BuildLiteBehavior [ RunTime:0.000000s ]
INFO: [ app_init ] --END-- [ RunTime:0.001000s ]
INFO: [ app_begin ] --START--
INFO: Run Behavior\ReadHtmlCacheBehavior [ RunTime:0.001000s ]
INFO: [ app_begin ] --END-- [ RunTime:0.001000s ]
SQL: SHOW COLUMNS FROM `user` [ RunTime:0.0020s ]
SQL: SELECT `password` FROM `user` WHERE `uid` = 1120131233 LIMIT 1   [ RunTime:0.0000s ]
NOTIC: [2] Missing argument 5 for require_https_url(), called in D:\wamp\www\tp\Application\Home\Common\function.php on line 251 and defined D:\wamp\www\tp\Application\Home\Common\function.php 第 202 行.
NOTIC: [8] Undefined variable: cookie D:\wamp\www\tp\Application\Home\Common\function.php 第 226 行.
NOTIC: [2] Missing argument 5 for require_https_url(), called in D:\wamp\www\tp\Application\Home\Common\function.php on line 265 and defined D:\wamp\www\tp\Application\Home\Common\function.php 第 202 行.
NOTIC: [8] Undefined variable: cookie D:\wamp\www\tp\Application\Home\Common\function.php 第 226 行.
NOTIC: [8] Undefined offset: 5 D:\wamp\www\tp\Application\Home\Common\function.php 第 268 行.
NOTIC: [8] Undefined offset: 5 D:\wamp\www\tp\Application\Home\Common\function.php 第 271 行.
NOTIC: [2] Missing argument 5 for require_https_url(), called in D:\wamp\www\tp\Application\Home\Common\function.php on line 273 and defined D:\wamp\www\tp\Application\Home\Common\function.php 第 202 行.
NOTIC: [8] Undefined variable: cookie D:\wamp\www\tp\Application\Home\Common\function.php 第 226 行.

[ 2016-04-06T21:52:04+08:00 ] 127.0.0.1 /tp/home/user/login
INFO: [ app_init ] --START--
INFO: Run Behavior\BuildLiteBehavior [ RunTime:0.000000s ]
INFO: [ app_init ] --END-- [ RunTime:0.000000s ]
INFO: [ app_begin ] --START--
INFO: Run Behavior\ReadHtmlCacheBehavior [ RunTime:0.000000s ]
INFO: [ app_begin ] --END-- [ RunTime:0.001000s ]
SQL: SHOW COLUMNS FROM `user` [ RunTime:0.0020s ]
SQL: SELECT `password` FROM `user` WHERE `uid` = 1120131233 LIMIT 1   [ RunTime:0.0000s ]
NOTIC: [2] Missing argument 5 for require_https_url(), called in D:\wamp\www\tp\Application\Home\Common\function.php on line 251 and defined D:\wamp\www\tp\Application\Home\Common\function.php 第 202 行.
NOTIC: [8] Undefined variable: cookie D:\wamp\www\tp\Application\Home\Common\function.php 第 226 行.
NOTIC: [2] Missing argument 5 for require_https_url(), called in D:\wamp\www\tp\Application\Home\Common\function.php on line 265 and defined D:\wamp\www\tp\Application\Home\Common\function.php 第 202 行.
NOTIC: [8] Undefined variable: cookie D:\wamp\www\tp\Application\Home\Common\function.php 第 226 行.
NOTIC: [8] Undefined offset: 5 D:\wamp\www\tp\Application\Home\Common\function.php 第 268 行.
NOTIC: [8] Undefined offset: 5 D:\wamp\www\tp\Application\Home\Common\function.php 第 271 行.
NOTIC: [2] Missing argument 5 for require_https_url(), called in D:\wamp\www\tp\Application\Home\Common\function.php on line 273 and defined D:\wamp\www\tp\Application\Home\Common\function.php 第 202 行.
NOTIC: [8] Undefined variable: cookie D:\wamp\www\tp\Application\Home\Common\function.php 第 226 行.

[ 2016-04-06T21:55:46+08:00 ] 127.0.0.1 /tp/home/user/login
INFO: [ app_init ] --START--
INFO: Run Behavior\BuildLiteBehavior [ RunTime:0.000000s ]
INFO: [ app_init ] --END-- [ RunTime:0.000000s ]
INFO: [ app_begin ] --START--
INFO: Run Behavior\ReadHtmlCacheBehavior [ RunTime:0.001000s ]
INFO: [ app_begin ] --END-- [ RunTime:0.001000s ]
INFO: [ view_parse ] --START--
INFO: [ template_filter ] --START--
INFO: Run Behavior\ContentReplaceBehavior [ RunTime:0.000000s ]
INFO: [ template_filter ] --END-- [ RunTime:0.000000s ]
INFO: Run Behavior\ParseTemplateBehavior [ RunTime:0.006001s ]
INFO: [ view_parse ] --END-- [ RunTime:0.006001s ]
INFO: [ view_filter ] --START--
INFO: Run Behavior\WriteHtmlCacheBehavior [ RunTime:0.000000s ]
INFO: [ view_filter ] --END-- [ RunTime:0.000000s ]
INFO: [ app_end ] --START--
INFO: Run Behavior\ShowPageTraceBehavior [ RunTime:0.000000s ]
INFO: [ app_end ] --END-- [ RunTime:0.000000s ]

[ 2016-04-06T21:55:55+08:00 ] 127.0.0.1 /tp/home/user/login
INFO: [ app_init ] --START--
INFO: Run Behavior\BuildLiteBehavior [ RunTime:0.000000s ]
INFO: [ app_init ] --END-- [ RunTime:0.000000s ]
INFO: [ app_begin ] --START--
INFO: Run Behavior\ReadHtmlCacheBehavior [ RunTime:0.001000s ]
INFO: [ app_begin ] --END-- [ RunTime:0.001000s ]
SQL: SHOW COLUMNS FROM `user` [ RunTime:0.0020s ]
SQL: SELECT `password` FROM `user` WHERE `uid` = 1120131233 LIMIT 1   [ RunTime:0.0000s ]
NOTIC: [2] Missing argument 5 for require_https_url(), called in D:\wamp\www\tp\Application\Home\Common\function.php on line 251 and defined D:\wamp\www\tp\Application\Home\Common\function.php 第 202 行.
NOTIC: [8] Undefined variable: cookie D:\wamp\www\tp\Application\Home\Common\function.php 第 226 行.
NOTIC: [2] Missing argument 5 for require_https_url(), called in D:\wamp\www\tp\Application\Home\Common\function.php on line 265 and defined D:\wamp\www\tp\Application\Home\Common\function.php 第 202 行.
NOTIC: [8] Undefined variable: cookie D:\wamp\www\tp\Application\Home\Common\function.php 第 226 行.
NOTIC: [8] Undefined offset: 5 D:\wamp\www\tp\Application\Home\Common\function.php 第 268 行.
NOTIC: [8] Undefined offset: 5 D:\wamp\www\tp\Application\Home\Common\function.php 第 271 行.
NOTIC: [2] Missing argument 5 for require_https_url(), called in D:\wamp\www\tp\Application\Home\Common\function.php on line 273 and defined D:\wamp\www\tp\Application\Home\Common\function.php 第 202 行.
NOTIC: [8] Undefined variable: cookie D:\wamp\www\tp\Application\Home\Common\function.php 第 226 行.

[ 2016-04-06T21:56:51+08:00 ] 127.0.0.1 /tp/home/user/login
INFO: [ app_init ] --START--
INFO: Run Behavior\BuildLiteBehavior [ RunTime:0.001000s ]
INFO: [ app_init ] --END-- [ RunTime:0.001000s ]
INFO: [ app_begin ] --START--
INFO: Run Behavior\ReadHtmlCacheBehavior [ RunTime:0.001000s ]
INFO: [ app_begin ] --END-- [ RunTime:0.001000s ]
INFO: [ view_parse ] --START--
INFO: [ template_filter ] --START--
INFO: Run Behavior\ContentReplaceBehavior [ RunTime:0.001000s ]
INFO: [ template_filter ] --END-- [ RunTime:0.001000s ]
INFO: Run Behavior\ParseTemplateBehavior [ RunTime:0.006001s ]
INFO: [ view_parse ] --END-- [ RunTime:0.006001s ]
INFO: [ view_filter ] --START--
INFO: Run Behavior\WriteHtmlCacheBehavior [ RunTime:0.000000s ]
INFO: [ view_filter ] --END-- [ RunTime:0.000000s ]
INFO: [ app_end ] --START--
INFO: Run Behavior\ShowPageTraceBehavior [ RunTime:0.001000s ]
INFO: [ app_end ] --END-- [ RunTime:0.001000s ]

[ 2016-04-06T21:56:56+08:00 ] 127.0.0.1 /tp/home/user/login
INFO: [ app_init ] --START--
INFO: Run Behavior\BuildLiteBehavior [ RunTime:0.000000s ]
INFO: [ app_init ] --END-- [ RunTime:0.001000s ]
INFO: [ app_begin ] --START--
INFO: Run Behavior\ReadHtmlCacheBehavior [ RunTime:0.001000s ]
INFO: [ app_begin ] --END-- [ RunTime:0.001000s ]
SQL: SHOW COLUMNS FROM `user` [ RunTime:0.0020s ]
SQL: SELECT `password` FROM `user` WHERE `uid` = 1120131233 LIMIT 1   [ RunTime:0.0000s ]
NOTIC: [2] Missing argument 5 for require_https_url(), called in D:\wamp\www\tp\Application\Home\Common\function.php on line 251 and defined D:\wamp\www\tp\Application\Home\Common\function.php 第 202 行.
NOTIC: [8] Undefined variable: cookie D:\wamp\www\tp\Application\Home\Common\function.php 第 226 行.
NOTIC: [2] Missing argument 5 for require_https_url(), called in D:\wamp\www\tp\Application\Home\Common\function.php on line 265 and defined D:\wamp\www\tp\Application\Home\Common\function.php 第 202 行.
NOTIC: [8] Undefined variable: cookie D:\wamp\www\tp\Application\Home\Common\function.php 第 226 行.
NOTIC: [8] Undefined offset: 5 D:\wamp\www\tp\Application\Home\Common\function.php 第 268 行.
NOTIC: [8] Undefined offset: 5 D:\wamp\www\tp\Application\Home\Common\function.php 第 271 行.
NOTIC: [2] Missing argument 5 for require_https_url(), called in D:\wamp\www\tp\Application\Home\Common\function.php on line 273 and defined D:\wamp\www\tp\Application\Home\Common\function.php 第 202 行.
NOTIC: [8] Undefined variable: cookie D:\wamp\www\tp\Application\Home\Common\function.php 第 226 行.

[ 2016-04-06T21:57:53+08:00 ] 127.0.0.1 /tp/home/user/login
INFO: [ app_init ] --START--
INFO: Run Behavior\BuildLiteBehavior [ RunTime:0.000000s ]
INFO: [ app_init ] --END-- [ RunTime:0.000000s ]
INFO: [ app_begin ] --START--
INFO: Run Behavior\ReadHtmlCacheBehavior [ RunTime:0.001000s ]
INFO: [ app_begin ] --END-- [ RunTime:0.001000s ]
INFO: [ view_parse ] --START--
INFO: [ template_filter ] --START--
INFO: Run Behavior\ContentReplaceBehavior [ RunTime:0.000000s ]
INFO: [ template_filter ] --END-- [ RunTime:0.000000s ]
INFO: Run Behavior\ParseTemplateBehavior [ RunTime:0.006001s ]
INFO: [ view_parse ] --END-- [ RunTime:0.006001s ]
INFO: [ view_filter ] --START--
INFO: Run Behavior\WriteHtmlCacheBehavior [ RunTime:0.000000s ]
INFO: [ view_filter ] --END-- [ RunTime:0.001000s ]
INFO: [ app_end ] --START--
INFO: Run Behavior\ShowPageTraceBehavior [ RunTime:0.001000s ]
INFO: [ app_end ] --END-- [ RunTime:0.001000s ]

[ 2016-04-06T21:58:03+08:00 ] 127.0.0.1 /tp/home/user/login
INFO: [ app_init ] --START--
INFO: Run Behavior\BuildLiteBehavior [ RunTime:0.000000s ]
INFO: [ app_init ] --END-- [ RunTime:0.001000s ]
INFO: [ app_begin ] --START--
INFO: Run Behavior\ReadHtmlCacheBehavior [ RunTime:0.001000s ]
INFO: [ app_begin ] --END-- [ RunTime:0.001000s ]
SQL: SHOW COLUMNS FROM `user` [ RunTime:0.0020s ]
SQL: SELECT `password` FROM `user` WHERE `uid` = 1120131233 LIMIT 1   [ RunTime:0.0000s ]
NOTIC: [2] Missing argument 5 for Home\Controller\require_https_url(), called in D:\wamp\www\tp\Application\Home\Common\function.php on line 253 and defined D:\wamp\www\tp\Application\Home\Common\function.php 第 204 行.
NOTIC: [8] Undefined variable: cookie D:\wamp\www\tp\Application\Home\Common\function.php 第 228 行.
NOTIC: [2] Missing argument 5 for Home\Controller\require_https_url(), called in D:\wamp\www\tp\Application\Home\Common\function.php on line 267 and defined D:\wamp\www\tp\Application\Home\Common\function.php 第 204 行.
NOTIC: [8] Undefined variable: cookie D:\wamp\www\tp\Application\Home\Common\function.php 第 228 行.
NOTIC: [8] Undefined offset: 5 D:\wamp\www\tp\Application\Home\Common\function.php 第 270 行.
NOTIC: [8] Undefined offset: 5 D:\wamp\www\tp\Application\Home\Common\function.php 第 273 行.
NOTIC: [2] Missing argument 5 for Home\Controller\require_https_url(), called in D:\wamp\www\tp\Application\Home\Common\function.php on line 275 and defined D:\wamp\www\tp\Application\Home\Common\function.php 第 204 行.
NOTIC: [8] Undefined variable: cookie D:\wamp\www\tp\Application\Home\Common\function.php 第 228 行.

[ 2016-04-06T21:59:43+08:00 ] 127.0.0.1 /tp/home/user/login
INFO: [ app_init ] --START--
INFO: Run Behavior\BuildLiteBehavior [ RunTime:0.001000s ]
INFO: [ app_init ] --END-- [ RunTime:0.001000s ]
INFO: [ app_begin ] --START--
INFO: Run Behavior\ReadHtmlCacheBehavior [ RunTime:0.000000s ]
INFO: [ app_begin ] --END-- [ RunTime:0.000000s ]
INFO: [ view_parse ] --START--
INFO: [ template_filter ] --START--
INFO: Run Behavior\ContentReplaceBehavior [ RunTime:0.000000s ]
INFO: [ template_filter ] --END-- [ RunTime:0.000000s ]
INFO: Run Behavior\ParseTemplateBehavior [ RunTime:0.005000s ]
INFO: [ view_parse ] --END-- [ RunTime:0.005000s ]
INFO: [ view_filter ] --START--
INFO: Run Behavior\WriteHtmlCacheBehavior [ RunTime:0.001000s ]
INFO: [ view_filter ] --END-- [ RunTime:0.001000s ]
INFO: [ app_end ] --START--
INFO: Run Behavior\ShowPageTraceBehavior [ RunTime:0.000000s ]
INFO: [ app_end ] --END-- [ RunTime:0.001000s ]

[ 2016-04-06T21:59:51+08:00 ] 127.0.0.1 /tp/home/user/login
INFO: [ app_init ] --START--
INFO: Run Behavior\BuildLiteBehavior [ RunTime:0.000000s ]
INFO: [ app_init ] --END-- [ RunTime:0.000000s ]
INFO: [ app_begin ] --START--
INFO: Run Behavior\ReadHtmlCacheBehavior [ RunTime:0.001000s ]
INFO: [ app_begin ] --END-- [ RunTime:0.001000s ]
SQL: SHOW COLUMNS FROM `user` [ RunTime:0.0030s ]
SQL: SELECT `password` FROM `user` WHERE `uid` = 1120111420 LIMIT 1   [ RunTime:0.0000s ]
NOTIC: [2] Missing argument 5 for require_https_url(), called in D:\wamp\www\tp\Application\Home\Common\function.php on line 251 and defined D:\wamp\www\tp\Application\Home\Common\function.php 第 202 行.
NOTIC: [8] Undefined variable: cookie D:\wamp\www\tp\Application\Home\Common\function.php 第 226 行.
NOTIC: [2] Missing argument 5 for require_https_url(), called in D:\wamp\www\tp\Application\Home\Common\function.php on line 265 and defined D:\wamp\www\tp\Application\Home\Common\function.php 第 202 行.
NOTIC: [8] Undefined variable: cookie D:\wamp\www\tp\Application\Home\Common\function.php 第 226 行.
NOTIC: [8] Undefined offset: 5 D:\wamp\www\tp\Application\Home\Common\function.php 第 268 行.
NOTIC: [8] Undefined offset: 5 D:\wamp\www\tp\Application\Home\Common\function.php 第 271 行.
NOTIC: [2] Missing argument 5 for require_https_url(), called in D:\wamp\www\tp\Application\Home\Common\function.php on line 273 and defined D:\wamp\www\tp\Application\Home\Common\function.php 第 202 行.
NOTIC: [8] Undefined variable: cookie D:\wamp\www\tp\Application\Home\Common\function.php 第 226 行.

[ 2016-04-06T22:00:30+08:00 ] 127.0.0.1 /tp/home/user/login
INFO: [ app_init ] --START--
INFO: Run Behavior\BuildLiteBehavior [ RunTime:0.000000s ]
INFO: [ app_init ] --END-- [ RunTime:0.000000s ]
INFO: [ app_begin ] --START--
INFO: Run Behavior\ReadHtmlCacheBehavior [ RunTime:0.000000s ]
INFO: [ app_begin ] --END-- [ RunTime:0.000000s ]
INFO: [ view_parse ] --START--
INFO: [ template_filter ] --START--
INFO: Run Behavior\ContentReplaceBehavior [ RunTime:0.000000s ]
INFO: [ template_filter ] --END-- [ RunTime:0.000000s ]
INFO: Run Behavior\ParseTemplateBehavior [ RunTime:0.006000s ]
INFO: [ view_parse ] --END-- [ RunTime:0.006000s ]
INFO: [ view_filter ] --START--
INFO: Run Behavior\WriteHtmlCacheBehavior [ RunTime:0.000000s ]
INFO: [ view_filter ] --END-- [ RunTime:0.000000s ]
INFO: [ app_end ] --START--
INFO: Run Behavior\ShowPageTraceBehavior [ RunTime:0.000000s ]
INFO: [ app_end ] --END-- [ RunTime:0.000000s ]

[ 2016-04-06T22:00:36+08:00 ] 127.0.0.1 /tp/home/user/login
INFO: [ app_init ] --START--
INFO: Run Behavior\BuildLiteBehavior [ RunTime:0.000000s ]
INFO: [ app_init ] --END-- [ RunTime:0.001000s ]
INFO: [ app_begin ] --START--
INFO: Run Behavior\ReadHtmlCacheBehavior [ RunTime:0.001000s ]
INFO: [ app_begin ] --END-- [ RunTime:0.001000s ]
SQL: SHOW COLUMNS FROM `user` [ RunTime:0.0020s ]
SQL: SELECT `password` FROM `user` WHERE `uid` = 1120111420 LIMIT 1   [ RunTime:0.0000s ]
NOTIC: [2] Missing argument 5 for require_https_url(), called in D:\wamp\www\tp\Application\Home\Common\function.php on line 251 and defined D:\wamp\www\tp\Application\Home\Common\function.php 第 202 行.
NOTIC: [8] Undefined variable: cookie D:\wamp\www\tp\Application\Home\Common\function.php 第 226 行.
NOTIC: [2] Missing argument 5 for require_https_url(), called in D:\wamp\www\tp\Application\Home\Common\function.php on line 265 and defined D:\wamp\www\tp\Application\Home\Common\function.php 第 202 行.
NOTIC: [8] Undefined variable: cookie D:\wamp\www\tp\Application\Home\Common\function.php 第 226 行.
NOTIC: [8] Undefined offset: 5 D:\wamp\www\tp\Application\Home\Common\function.php 第 268 行.
NOTIC: [8] Undefined offset: 5 D:\wamp\www\tp\Application\Home\Common\function.php 第 271 行.
NOTIC: [2] Missing argument 5 for require_https_url(), called in D:\wamp\www\tp\Application\Home\Common\function.php on line 273 and defined D:\wamp\www\tp\Application\Home\Common\function.php 第 202 行.
NOTIC: [8] Undefined variable: cookie D:\wamp\www\tp\Application\Home\Common\function.php 第 226 行.

[ 2016-04-06T22:01:25+08:00 ] 127.0.0.1 /tp/home/user/login
INFO: [ app_init ] --START--
INFO: Run Behavior\BuildLiteBehavior [ RunTime:0.000000s ]
INFO: [ app_init ] --END-- [ RunTime:0.000000s ]
INFO: [ app_begin ] --START--
INFO: Run Behavior\ReadHtmlCacheBehavior [ RunTime:0.001000s ]
INFO: [ app_begin ] --END-- [ RunTime:0.001000s ]
SQL: SHOW COLUMNS FROM `user` [ RunTime:0.0020s ]
SQL: SELECT `password` FROM `user` WHERE `uid` = 1120111420 LIMIT 1   [ RunTime:0.0000s ]
NOTIC: [2] Missing argument 5 for require_https_url(), called in D:\wamp\www\tp\Application\Home\Common\function.php on line 251 and defined D:\wamp\www\tp\Application\Home\Common\function.php 第 202 行.
NOTIC: [8] Undefined variable: cookie D:\wamp\www\tp\Application\Home\Common\function.php 第 226 行.
NOTIC: [2] Missing argument 5 for require_https_url(), called in D:\wamp\www\tp\Application\Home\Common\function.php on line 265 and defined D:\wamp\www\tp\Application\Home\Common\function.php 第 202 行.
NOTIC: [8] Undefined variable: cookie D:\wamp\www\tp\Application\Home\Common\function.php 第 226 行.
NOTIC: [8] Undefined offset: 5 D:\wamp\www\tp\Application\Home\Common\function.php 第 268 行.
NOTIC: [8] Undefined offset: 5 D:\wamp\www\tp\Application\Home\Common\function.php 第 271 行.
NOTIC: [2] Missing argument 5 for require_https_url(), called in D:\wamp\www\tp\Application\Home\Common\function.php on line 273 and defined D:\wamp\www\tp\Application\Home\Common\function.php 第 202 行.
NOTIC: [8] Undefined variable: cookie D:\wamp\www\tp\Application\Home\Common\function.php 第 226 行.

[ 2016-04-06T22:02:35+08:00 ] 127.0.0.1 /tp/home/user/login
INFO: [ app_init ] --START--
INFO: Run Behavior\BuildLiteBehavior [ RunTime:0.001000s ]
INFO: [ app_init ] --END-- [ RunTime:0.001000s ]
INFO: [ app_begin ] --START--
INFO: Run Behavior\ReadHtmlCacheBehavior [ RunTime:0.000000s ]
INFO: [ app_begin ] --END-- [ RunTime:0.000000s ]
SQL: SHOW COLUMNS FROM `user` [ RunTime:0.0020s ]
SQL: SELECT `password` FROM `user` WHERE `uid` = 1120111420 LIMIT 1   [ RunTime:0.0010s ]
NOTIC: [2] Missing argument 5 for require_https_url(), called in D:\wamp\www\tp\Application\Home\Common\function.php on line 251 and defined D:\wamp\www\tp\Application\Home\Common\function.php 第 202 行.
NOTIC: [8] Undefined variable: cookie D:\wamp\www\tp\Application\Home\Common\function.php 第 226 行.
NOTIC: [2] Missing argument 5 for require_https_url(), called in D:\wamp\www\tp\Application\Home\Common\function.php on line 265 and defined D:\wamp\www\tp\Application\Home\Common\function.php 第 202 行.
NOTIC: [8] Undefined variable: cookie D:\wamp\www\tp\Application\Home\Common\function.php 第 226 行.
NOTIC: [8] Undefined offset: 5 D:\wamp\www\tp\Application\Home\Common\function.php 第 268 行.
NOTIC: [8] Undefined offset: 5 D:\wamp\www\tp\Application\Home\Common\function.php 第 271 行.
NOTIC: [2] Missing argument 5 for require_https_url(), called in D:\wamp\www\tp\Application\Home\Common\function.php on line 273 and defined D:\wamp\www\tp\Application\Home\Common\function.php 第 202 行.
NOTIC: [8] Undefined variable: cookie D:\wamp\www\tp\Application\Home\Common\function.php 第 226 行.
INFO: [ view_parse ] --START--
INFO: [ template_filter ] --START--
INFO: Run Behavior\ContentReplaceBehavior [ RunTime:0.000000s ]
INFO: [ template_filter ] --END-- [ RunTime:0.001000s ]
INFO: Run Behavior\ParseTemplateBehavior [ RunTime:0.007000s ]
INFO: [ view_parse ] --END-- [ RunTime:0.007000s ]
INFO: [ view_filter ] --START--
INFO: Run Behavior\WriteHtmlCacheBehavior [ RunTime:0.000000s ]
INFO: [ view_filter ] --END-- [ RunTime:0.000000s ]

[ 2016-04-06T22:02:38+08:00 ] 127.0.0.1 /tp/home/user/login.bit
INFO: [ app_init ] --START--
INFO: Run Behavior\BuildLiteBehavior [ RunTime:0.000000s ]
INFO: [ app_init ] --END-- [ RunTime:0.000000s ]
INFO: [ app_begin ] --START--
INFO: Run Behavior\ReadHtmlCacheBehavior [ RunTime:0.000000s ]
INFO: [ app_begin ] --END-- [ RunTime:0.000000s ]
INFO: [ view_parse ] --START--
INFO: [ template_filter ] --START--
INFO: Run Behavior\ContentReplaceBehavior [ RunTime:0.000000s ]
INFO: [ template_filter ] --END-- [ RunTime:0.000000s ]
INFO: Run Behavior\ParseTemplateBehavior [ RunTime:0.005000s ]
INFO: [ view_parse ] --END-- [ RunTime:0.006000s ]
INFO: [ view_filter ] --START--
INFO: Run Behavior\WriteHtmlCacheBehavior [ RunTime:0.000000s ]
INFO: [ view_filter ] --END-- [ RunTime:0.000000s ]
INFO: [ app_end ] --START--
INFO: Run Behavior\ShowPageTraceBehavior [ RunTime:0.001000s ]
INFO: [ app_end ] --END-- [ RunTime:0.001000s ]

