[ 2016-03-15T20:07:09+08:00 ] 127.0.0.1 /tp/index.php/assets/js/ie-emulation-modes-warning.js
INFO: [ app_init ] --START--
INFO: Run Behavior\BuildLiteBehavior [ RunTime:0.000000s ]
INFO: [ app_init ] --END-- [ RunTime:0.000000s ]
ERR: 无法加载模块:Assets

[ 2016-03-15T20:07:09+08:00 ] 127.0.0.1 /tp/index.php/assets/js/ie10-viewport-bug-workaround.js
INFO: [ app_init ] --START--
INFO: Run Behavior\BuildLiteBehavior [ RunTime:0.000000s ]
INFO: [ app_init ] --END-- [ RunTime:0.000000s ]
ERR: 无法加载模块:Assets

[ 2016-03-15T20:08:08+08:00 ] 127.0.0.1 /tp/index.php/assets/js/ie-emulation-modes-warning.js
INFO: [ app_init ] --START--
INFO: Run Behavior\BuildLiteBehavior [ RunTime:0.001000s ]
INFO: [ app_init ] --END-- [ RunTime:0.001000s ]
ERR: 无法加载模块:Assets

[ 2016-03-15T20:08:08+08:00 ] 127.0.0.1 /tp/index.php/assets/js/ie10-viewport-bug-workaround.js
INFO: [ app_init ] --START--
INFO: Run Behavior\BuildLiteBehavior [ RunTime:0.000000s ]
INFO: [ app_init ] --END-- [ RunTime:0.000000s ]
ERR: 无法加载模块:Assets

[ 2016-03-15T20:10:21+08:00 ] 127.0.0.1 /tp/index.php/assets/js/ie-emulation-modes-warning.js
INFO: [ app_init ] --START--
INFO: Run Behavior\BuildLiteBehavior [ RunTime:0.000000s ]
INFO: [ app_init ] --END-- [ RunTime:0.000000s ]
ERR: 无法加载模块:Assets

[ 2016-03-15T20:10:21+08:00 ] 127.0.0.1 /tp/index.php/assets/js/ie10-viewport-bug-workaround.js
INFO: [ app_init ] --START--
INFO: Run Behavior\BuildLiteBehavior [ RunTime:0.000000s ]
INFO: [ app_init ] --END-- [ RunTime:0.001000s ]
ERR: 无法加载模块:Assets

[ 2016-03-15T20:15:51+08:00 ] 127.0.0.1 /tp/index.php/favicon.ico
INFO: [ app_init ] --START--
INFO: Run Behavior\BuildLiteBehavior [ RunTime:0.000000s ]
INFO: [ app_init ] --END-- [ RunTime:0.001000s ]
ERR: 无法加载模块:Favicon

[ 2016-03-15T20:42:05+08:00 ] 127.0.0.1 /tp/bit.php/favicon.ico
INFO: [ app_init ] --START--
INFO: Run Behavior\BuildLiteBehavior [ RunTime:0.000000s ]
INFO: [ app_init ] --END-- [ RunTime:0.001000s ]
ERR: 无法加载模块:Favicon

[ 2016-03-15T22:07:34+08:00 ] 127.0.0.1 /tp/index.php/css/bootstrap.min.css
INFO: [ app_init ] --START--
INFO: Run Behavior\BuildLiteBehavior [ RunTime:0.001000s ]
INFO: [ app_init ] --END-- [ RunTime:0.001000s ]
ERR: 无法加载模块:Css

[ 2016-03-15T22:07:35+08:00 ] 127.0.0.1 /tp/index.php/favicon.ico
INFO: [ app_init ] --START--
INFO: Run Behavior\BuildLiteBehavior [ RunTime:0.000000s ]
INFO: [ app_init ] --END-- [ RunTime:0.001000s ]
ERR: 无法加载模块:Favicon

